
2023-07-20 00:00:06,022 [RJob Step 209183] ERROR swlib.ARUCatalogStoreHelperImpl logp.251 - beb5f165-6e69-482f-8701-1755d91164ea: The EM Catalog Zip file "Patch Components/Oracle Catalog Bundles/em_catalog.zip" is not present in the Software Library
oracle.sysman.emInternalSDK.core.patch.rfm.RFMException: beb5f165-6e69-482f-8701-1755d91164ea: The EM Catalog Zip file "Patch Components/Oracle Catalog Bundles/em_catalog.zip" is not present in the Software Library
	at oracle.sysman.core.patch.rfm.RFMUtils.newRFMException(RFMUtils.java:124)
	at oracle.sysman.core.patch.swlib.ARUCatalogStoreHelperImpl.getARUCatalog(ARUCatalogStoreHelperImpl.java:238)
	at oracle.sysman.core.patch.rfm.OfflineARUXMLFetcher.fetchEMCatalogAsInputStream(OfflineARUXMLFetcher.java:63)
	at oracle.sysman.core.patch.job.aru.UpdateARUTables.executeCommand(UpdateARUTables.java:267)
	at oracle.sysman.emdrep.jobs.CommandStepExecutor.execute(CommandStepExecutor.java:157)
	at oracle.sysman.emWebservices.inbound.jobs.worker.ConsoleJobStepExecutor.execute(ConsoleJobStepExecutor.java:374)
	at oracle.sysman.emWebservices.inbound.jobs.worker.ConsoleJobStepExecutor.executeStep(ConsoleJobStepExecutor.java:242)
	at sun.reflect.GeneratedMethodAccessor13517.invoke(Unknown Source)
	at sun.reflect.DelegatingMethodAccessorImpl.invoke(DelegatingMethodAccessorImpl.java:43)
	at java.lang.reflect.Method.invoke(Method.java:606)
	at oracle.j2ee.ws.server.jaxws.ServiceEndpointRuntime.processMessage(ServiceEndpointRuntime.java:424)
	at oracle.j2ee.ws.server.jaxws.ServiceEndpointRuntime.processMessage(ServiceEndpointRuntime.java:231)
	at oracle.j2ee.ws.server.jaxws.JAXWSRuntimeDelegate.processMessage(JAXWSRuntimeDelegate.java:498)
	at oracle.j2ee.ws.server.provider.ProviderProcessor.doEndpointProcessing(ProviderProcessor.java:1319)
	at oracle.j2ee.ws.server.WebServiceProcessor$2.run(WebServiceProcessor.java:1388)
	at java.security.AccessController.doPrivileged(Native Method)
	at oracle.security.jps.util.JpsSubject.doAsPrivileged(JpsSubject.java:315)
	at oracle.security.jps.internal.jaas.AccActionExecutor.execute(AccActionExecutor.java:70)
	at oracle.security.jps.internal.jaas.AbstractSubjectSecurity$ActionExecutorWrapper.execute(AbstractSubjectSecurity.java:244)
	at oracle.security.jps.internal.jaas.CascadeActionExecutor$SubjectPrivilegedExceptionAction.run(CascadeActionExecutor.java:82)
	at weblogic.security.acl.internal.AuthenticatedSubject.doAs(AuthenticatedSubject.java:363)
	at weblogic.security.service.SecurityManager.runAs(SecurityManager.java:146)
	at weblogic.security.Security.runAs(Security.java:61)
	at oracle.security.jps.wls.jaas.WlsActionExecutor.execute(WlsActionExecutor.java:50)
	at oracle.security.jps.internal.jaas.CascadeActionExecutor.execute(CascadeActionExecutor.java:55)
	at oracle.security.jps.internal.jaas.AbstractSubjectSecurity$ActionExecutorWrapper.execute(AbstractSubjectSecurity.java:244)
	at oracle.j2ee.ws.server.provider.GenericProviderPlatform.runAs(GenericProviderPlatform.java:466)
	at oracle.j2ee.ws.server.WebServiceProcessor.invokeEndpointImplementation(WebServiceProcessor.java:1407)
	at oracle.j2ee.ws.server.provider.ProviderProcessor.doRequestProcessingPhaseTwo(ProviderProcessor.java:705)
	at oracle.j2ee.ws.server.WebServiceProcessor.doRequestProcessing(WebServiceProcessor.java:693)
	at oracle.j2ee.ws.server.WebServiceProcessor.processRequest(WebServiceProcessor.java:251)
	at oracle.j2ee.ws.server.WebServiceProcessor.doService(WebServiceProcessor.java:215)
	at oracle.j2ee.ws.server.WebServiceServlet.doService(WebServiceServlet.java:687)
	at oracle.j2ee.ws.server.WebServiceServlet.doPost(WebServiceServlet.java:525)
	at javax.servlet.http.HttpServlet.service(HttpServlet.java:751)
	at javax.servlet.http.HttpServlet.service(HttpServlet.java:844)
	at weblogic.servlet.internal.StubSecurityHelper$ServletServiceAction.run(StubSecurityHelper.java:280)
	at weblogic.servlet.internal.StubSecurityHelper$ServletServiceAction.run(StubSecurityHelper.java:254)
	at weblogic.servlet.internal.StubSecurityHelper.invokeServlet(StubSecurityHelper.java:136)
	at weblogic.servlet.internal.ServletStubImpl.execute(ServletStubImpl.java:346)
	at weblogic.servlet.internal.TailFilter.doFilter(TailFilter.java:25)
	at weblogic.servlet.internal.FilterChainImpl.doFilter(FilterChainImpl.java:79)
	at oracle.sysman.eml.app.EMRepLoginFilter.doFilter(EMRepLoginFilter.java:369)
	at weblogic.servlet.internal.FilterChainImpl.doFilter(FilterChainImpl.java:79)
	at oracle.sysman.eml.app.MBeanServerConnFilter.doFilter(MBeanServerConnFilter.java:43)
	at weblogic.servlet.internal.FilterChainImpl.doFilter(FilterChainImpl.java:79)
	at oracle.adf.library.webapp.LibraryFilter.doFilter(LibraryFilter.java:202)
	at weblogic.servlet.internal.FilterChainImpl.doFilter(FilterChainImpl.java:79)
	at oracle.sysman.emInternalSDK.core.model.utils.EntityManagerFilter.doFilter(EntityManagerFilter.java:46)
	at weblogic.servlet.internal.FilterChainImpl.doFilter(FilterChainImpl.java:79)
	at oracle.sysman.eml.app.ContextInitFilter.doFilter(ContextInitFilter.java:561)
	at weblogic.servlet.internal.FilterChainImpl.doFilter(FilterChainImpl.java:79)
	at oracle.adfinternal.view.faces.caching.filter.AdfFacesCachingFilterImpl.doFilter(AdfFacesCachingFilterImpl.java:136)
	at oracle.adf.view.rich.webapp.AdfFacesCachingFilter.doFilter(AdfFacesCachingFilter.java:66)
	at weblogic.servlet.internal.FilterChainImpl.doFilter(FilterChainImpl.java:79)
	at oracle.security.jps.ee.http.JpsAbsFilter$1.run(JpsAbsFilter.java:137)
	at java.security.AccessController.doPrivileged(Native Method)
	at oracle.security.jps.util.JpsSubject.doAsPrivileged(JpsSubject.java:315)
	at oracle.security.jps.ee.util.JpsPlatformUtil.runJaasMode(JpsPlatformUtil.java:460)
	at oracle.security.jps.ee.http.JpsAbsFilter.runJaasMode(JpsAbsFilter.java:120)
	at oracle.security.jps.ee.http.JpsAbsFilter.doFilter(JpsAbsFilter.java:217)
	at oracle.security.jps.ee.http.JpsFilter.doFilter(JpsFilter.java:81)
	at weblogic.servlet.internal.FilterChainImpl.doFilter(FilterChainImpl.java:79)
	at oracle.dms.servlet.DMSServletFilter.doFilter(DMSServletFilter.java:220)
	at weblogic.servlet.internal.FilterChainImpl.doFilter(FilterChainImpl.java:79)
	at weblogic.servlet.internal.RequestEventsFilter.doFilter(RequestEventsFilter.java:27)
	at weblogic.servlet.internal.FilterChainImpl.doFilter(FilterChainImpl.java:79)
	at weblogic.servlet.internal.WebAppServletContext$ServletInvocationAction.wrapRun(WebAppServletContext.java:3436)
	at weblogic.servlet.internal.WebAppServletContext$ServletInvocationAction.run(WebAppServletContext.java:3402)
	at weblogic.security.acl.internal.AuthenticatedSubject.doAs(AuthenticatedSubject.java:321)
	at weblogic.security.service.SecurityManager.runAs(SecurityManager.java:120)
	at weblogic.servlet.provider.WlsSubjectHandle.run(WlsSubjectHandle.java:57)
	at weblogic.servlet.internal.WebAppServletContext.doSecuredExecute(WebAppServletContext.java:2285)
	at weblogic.servlet.internal.WebAppServletContext.securedExecute(WebAppServletContext.java:2201)
	at weblogic.servlet.internal.WebAppServletContext.execute(WebAppServletContext.java:2179)
	at weblogic.servlet.internal.ServletRequestImpl.run(ServletRequestImpl.java:1575)
	at weblogic.servlet.provider.ContainerSupportProviderImpl$WlsRequestExecutor.run(ContainerSupportProviderImpl.java:255)
	at weblogic.work.ExecuteThread.execute(ExecuteThread.java:311)
	at weblogic.work.ExecuteThread.run(ExecuteThread.java:263)
2023-07-20 00:00:06,023 [RJob Step 209183] ERROR aru.UpdateARUTables logp.251 - Error on running RFM job : Error beb5f165-6e69-482f-8701-1755d91164ea: The catalog file was not found in Software Library at "Patch Components/Oracle Catalog Bundles/em_catalog.zip".
oracle.sysman.emInternalSDK.core.patch.rfm.RFMException: beb5f165-6e69-482f-8701-1755d91164ea: The EM Catalog Zip file "Patch Components/Oracle Catalog Bundles/em_catalog.zip" is not present in the Software Library
	at oracle.sysman.core.patch.rfm.OfflineARUXMLFetcher.fetchEMCatalogAsInputStream(OfflineARUXMLFetcher.java:67)
	at oracle.sysman.core.patch.job.aru.UpdateARUTables.executeCommand(UpdateARUTables.java:267)
	at oracle.sysman.emdrep.jobs.CommandStepExecutor.execute(CommandStepExecutor.java:157)
	at oracle.sysman.emWebservices.inbound.jobs.worker.ConsoleJobStepExecutor.execute(ConsoleJobStepExecutor.java:374)
	at oracle.sysman.emWebservices.inbound.jobs.worker.ConsoleJobStepExecutor.executeStep(ConsoleJobStepExecutor.java:242)
	at sun.reflect.GeneratedMethodAccessor13517.invoke(Unknown Source)
	at sun.reflect.DelegatingMethodAccessorImpl.invoke(DelegatingMethodAccessorImpl.java:43)
	at java.lang.reflect.Method.invoke(Method.java:606)
	at oracle.j2ee.ws.server.jaxws.ServiceEndpointRuntime.processMessage(ServiceEndpointRuntime.java:424)
	at oracle.j2ee.ws.server.jaxws.ServiceEndpointRuntime.processMessage(ServiceEndpointRuntime.java:231)
	at oracle.j2ee.ws.server.jaxws.JAXWSRuntimeDelegate.processMessage(JAXWSRuntimeDelegate.java:498)
	at oracle.j2ee.ws.server.provider.ProviderProcessor.doEndpointProcessing(ProviderProcessor.java:1319)
	at oracle.j2ee.ws.server.WebServiceProcessor$2.run(WebServiceProcessor.java:1388)
	at java.security.AccessController.doPrivileged(Native Method)
	at oracle.security.jps.util.JpsSubject.doAsPrivileged(JpsSubject.java:315)
	at oracle.security.jps.internal.jaas.AccActionExecutor.execute(AccActionExecutor.java:70)
	at oracle.security.jps.internal.jaas.AbstractSubjectSecurity$ActionExecutorWrapper.execute(AbstractSubjectSecurity.java:244)
	at oracle.security.jps.internal.jaas.CascadeActionExecutor$SubjectPrivilegedExceptionAction.run(CascadeActionExecutor.java:82)
	at weblogic.security.acl.internal.AuthenticatedSubject.doAs(AuthenticatedSubject.java:363)
	at weblogic.security.service.SecurityManager.runAs(SecurityManager.java:146)
	at weblogic.security.Security.runAs(Security.java:61)
	at oracle.security.jps.wls.jaas.WlsActionExecutor.execute(WlsActionExecutor.java:50)
	at oracle.security.jps.internal.jaas.CascadeActionExecutor.execute(CascadeActionExecutor.java:55)
	at oracle.security.jps.internal.jaas.AbstractSubjectSecurity$ActionExecutorWrapper.execute(AbstractSubjectSecurity.java:244)
	at oracle.j2ee.ws.server.provider.GenericProviderPlatform.runAs(GenericProviderPlatform.java:466)
	at oracle.j2ee.ws.server.WebServiceProcessor.invokeEndpointImplementation(WebServiceProcessor.java:1407)
	at oracle.j2ee.ws.server.provider.ProviderProcessor.doRequestProcessingPhaseTwo(ProviderProcessor.java:705)
	at oracle.j2ee.ws.server.WebServiceProcessor.doRequestProcessing(WebServiceProcessor.java:693)
	at oracle.j2ee.ws.server.WebServiceProcessor.processRequest(WebServiceProcessor.java:251)
	at oracle.j2ee.ws.server.WebServiceProcessor.doService(WebServiceProcessor.java:215)
	at oracle.j2ee.ws.server.WebServiceServlet.doService(WebServiceServlet.java:687)
	at oracle.j2ee.ws.server.WebServiceServlet.doPost(WebServiceServlet.java:525)
	at javax.servlet.http.HttpServlet.service(HttpServlet.java:751)
	at javax.servlet.http.HttpServlet.service(HttpServlet.java:844)
	at weblogic.servlet.internal.StubSecurityHelper$ServletServiceAction.run(StubSecurityHelper.java:280)
	at weblogic.servlet.internal.StubSecurityHelper$ServletServiceAction.run(StubSecurityHelper.java:254)
	at weblogic.servlet.internal.StubSecurityHelper.invokeServlet(StubSecurityHelper.java:136)
	at weblogic.servlet.internal.ServletStubImpl.execute(ServletStubImpl.java:346)
	at weblogic.servlet.internal.TailFilter.doFilter(TailFilter.java:25)
	at weblogic.servlet.internal.FilterChainImpl.doFilter(FilterChainImpl.java:79)
	at oracle.sysman.eml.app.EMRepLoginFilter.doFilter(EMRepLoginFilter.java:369)
	at weblogic.servlet.internal.FilterChainImpl.doFilter(FilterChainImpl.java:79)
	at oracle.sysman.eml.app.MBeanServerConnFilter.doFilter(MBeanServerConnFilter.java:43)
	at weblogic.servlet.internal.FilterChainImpl.doFilter(FilterChainImpl.java:79)
	at oracle.adf.library.webapp.LibraryFilter.doFilter(LibraryFilter.java:202)
	at weblogic.servlet.internal.FilterChainImpl.doFilter(FilterChainImpl.java:79)
	at oracle.sysman.emInternalSDK.core.model.utils.EntityManagerFilter.doFilter(EntityManagerFilter.java:46)
	at weblogic.servlet.internal.FilterChainImpl.doFilter(FilterChainImpl.java:79)
	at oracle.sysman.eml.app.ContextInitFilter.doFilter(ContextInitFilter.java:561)
	at weblogic.servlet.internal.FilterChainImpl.doFilter(FilterChainImpl.java:79)
	at oracle.adfinternal.view.faces.caching.filter.AdfFacesCachingFilterImpl.doFilter(AdfFacesCachingFilterImpl.java:136)
	at oracle.adf.view.rich.webapp.AdfFacesCachingFilter.doFilter(AdfFacesCachingFilter.java:66)
	at weblogic.servlet.internal.FilterChainImpl.doFilter(FilterChainImpl.java:79)
	at oracle.security.jps.ee.http.JpsAbsFilter$1.run(JpsAbsFilter.java:137)
	at java.security.AccessController.doPrivileged(Native Method)
	at oracle.security.jps.util.JpsSubject.doAsPrivileged(JpsSubject.java:315)
	at oracle.security.jps.ee.util.JpsPlatformUtil.runJaasMode(JpsPlatformUtil.java:460)
	at oracle.security.jps.ee.http.JpsAbsFilter.runJaasMode(JpsAbsFilter.java:120)
	at oracle.security.jps.ee.http.JpsAbsFilter.doFilter(JpsAbsFilter.java:217)
	at oracle.security.jps.ee.http.JpsFilter.doFilter(JpsFilter.java:81)
	at weblogic.servlet.internal.FilterChainImpl.doFilter(FilterChainImpl.java:79)
	at oracle.dms.servlet.DMSServletFilter.doFilter(DMSServletFilter.java:220)
	at weblogic.servlet.internal.FilterChainImpl.doFilter(FilterChainImpl.java:79)
	at weblogic.servlet.internal.RequestEventsFilter.doFilter(RequestEventsFilter.java:27)
	at weblogic.servlet.internal.FilterChainImpl.doFilter(FilterChainImpl.java:79)
	at weblogic.servlet.internal.WebAppServletContext$ServletInvocationAction.wrapRun(WebAppServletContext.java:3436)
	at weblogic.servlet.internal.WebAppServletContext$ServletInvocationAction.run(WebAppServletContext.java:3402)
	at weblogic.security.acl.internal.AuthenticatedSubject.doAs(AuthenticatedSubject.java:321)
	at weblogic.security.service.SecurityManager.runAs(SecurityManager.java:120)
	at weblogic.servlet.provider.WlsSubjectHandle.run(WlsSubjectHandle.java:57)
	at weblogic.servlet.internal.WebAppServletContext.doSecuredExecute(WebAppServletContext.java:2285)
	at weblogic.servlet.internal.WebAppServletContext.securedExecute(WebAppServletContext.java:2201)
	at weblogic.servlet.internal.WebAppServletContext.execute(WebAppServletContext.java:2179)
	at weblogic.servlet.internal.ServletRequestImpl.run(ServletRequestImpl.java:1575)
	at weblogic.servlet.provider.ContainerSupportProviderImpl$WlsRequestExecutor.run(ContainerSupportProviderImpl.java:255)
	at weblogic.work.ExecuteThread.execute(ExecuteThread.java:311)
	at weblogic.work.ExecuteThread.run(ExecuteThread.java:263)
Caused by: oracle.sysman.emInternalSDK.core.patch.swlib.PatchStoreException: beb5f165-6e69-482f-8701-1755d91164ea: The EM Catalog Zip file "Patch Components/Oracle Catalog Bundles/em_catalog.zip" is not present in the Software Library
	at oracle.sysman.core.patch.swlib.ARUCatalogStoreHelperImpl.getARUCatalog(ARUCatalogStoreHelperImpl.java:253)
	at oracle.sysman.core.patch.rfm.OfflineARUXMLFetcher.fetchEMCatalogAsInputStream(OfflineARUXMLFetcher.java:63)
	... 76 more
Caused by: oracle.sysman.emInternalSDK.core.patch.rfm.RFMException: beb5f165-6e69-482f-8701-1755d91164ea: The EM Catalog Zip file "Patch Components/Oracle Catalog Bundles/em_catalog.zip" is not present in the Software Library
	at oracle.sysman.core.patch.rfm.RFMUtils.newRFMException(RFMUtils.java:124)
	at oracle.sysman.core.patch.swlib.ARUCatalogStoreHelperImpl.getARUCatalog(ARUCatalogStoreHelperImpl.java:238)
	... 77 more
2023-07-20 06:00:02,078 [RJob Step 209424] WARN  jobCommand.JvmdHealthReportJob logp.251 - JVMD Health report job has started
2023-07-20 06:00:03,915 [RJob Step 209424] WARN  util.EJBUtil logp.251 - AD4J: Could not get AD4J Manager Details for manager idEMGC_OMS1
2023-07-20 06:00:03,931 [RJob Step 209424] WARN  jobCommand.JvmdHealthReportJob logp.251 - 
 JVMD Health report job has completed with status 5
2023-07-20 14:00:02,867 [RJob Step 209685] WARN  jobCommand.JvmdHealthReportJob logp.251 - JVMD Health report job has started
2023-07-20 14:00:04,702 [RJob Step 209685] WARN  util.EJBUtil logp.251 - AD4J: Could not get AD4J Manager Details for manager idEMGC_OMS1
2023-07-20 14:00:04,723 [RJob Step 209685] WARN  jobCommand.JvmdHealthReportJob logp.251 - 
 JVMD Health report job has completed with status 5
2023-07-20 14:48:12,302 [[ACTIVE] ExecuteThread: '11' for queue: 'weblogic.kernel.Default (self-tuning)'] ERROR da.EmResolutionDao logp.251 - Could not start refreshing patch resolution requests, EM is in offline mode.
2023-07-20 15:15:24,558 [[ACTIVE] ExecuteThread: '6' for queue: 'weblogic.kernel.Default (self-tuning)'] WARN  errPopup.ErrorPopupUtil logp.251 - ADFC-0618: View ID '/navigateToLogicalActivity' is invalid. https://10.55.60.193:7802/em/faces/db-list-dbList?Adf-Window-Id=w0&Adf-Page-Id=2 REQUEST_METHOD: POST View Id: /db-list-dbList
oracle.adf.controller.AdfcIllegalArgumentException: oracle.adf.controller.ControllerException: ADFC-0618: View ID '/navigateToLogicalActivity' is invalid.
	at oracle.adfinternal.controller.state.ViewPortContextImpl.getPhysicalURI(ViewPortContextImpl.java:1250)
	at oracle.adfinternal.controller.application.AdfcPageResolver.getPhysicalURI(AdfcPageResolver.java:75)
	at org.apache.myfaces.trinidadinternal.application.ViewDeclarationLanguageFactoryImpl._getPath(ViewDeclarationLanguageFactoryImpl.java:261)
	at org.apache.myfaces.trinidadinternal.application.ViewDeclarationLanguageFactoryImpl.getViewDeclarationLanguage(ViewDeclarationLanguageFactoryImpl.java:87)
	at com.sun.faces.application.view.MultiViewHandler.getViewDeclarationLanguage(Unknown Source)
	at com.sun.faces.application.view.MultiViewHandler.derivePhysicalViewId(Unknown Source)
	at com.sun.faces.application.view.MultiViewHandler.deriveViewId(Unknown Source)
	at javax.faces.application.ViewHandlerWrapper.deriveViewId(Unknown Source)
	at com.sun.faces.application.NavigationHandlerImpl.findImplicitMatch(Unknown Source)
	at com.sun.faces.application.NavigationHandlerImpl.getViewId(Unknown Source)
	at com.sun.faces.application.NavigationHandlerImpl.handleNavigation(Unknown Source)
	at oracle.adfinternal.controller.application.NavigationHandlerImpl.handleNavigation(NavigationHandlerImpl.java:63)
	at org.apache.myfaces.trinidadinternal.application.NavigationHandlerImpl.handleNavigation(NavigationHandlerImpl.java:50)
	at com.sun.faces.application.ActionListenerImpl.processAction(Unknown Source)
	at org.apache.myfaces.trinidad.component.UIXCommand.broadcast(UIXCommand.java:190)
	at oracle.adf.view.rich.component.rich.nav.RichCommandMenuItem.broadcast(RichCommandMenuItem.java:105)
	at org.apache.myfaces.trinidad.component.UIXComponent.broadcastInContext(UIXComponent.java:364)
	at org.apache.myfaces.trinidad.component.WrapperEvent.broadcastWrappedEvent(WrapperEvent.java:82)
	at oracle.adf.view.rich.component.fragment.ContextSwitchingComponent$1.run(ContextSwitchingComponent.java:168)
	at oracle.adf.view.rich.component.fragment.ContextSwitchingComponent._processPhase(ContextSwitchingComponent.java:510)
	at oracle.adf.view.rich.component.fragment.ContextSwitchingComponent.broadcast(ContextSwitchingComponent.java:171)
	at org.apache.myfaces.trinidad.component.UIXComponent.broadcastInContext(UIXComponent.java:364)
	at org.apache.myfaces.trinidad.component.WrapperEvent.broadcastWrappedEvent(WrapperEvent.java:82)
	at oracle.adf.view.rich.component.fragment.UIXInclude.broadcast(UIXInclude.java:111)
	at org.apache.myfaces.trinidad.component.UIXComponent.broadcastInContext(UIXComponent.java:364)
	at org.apache.myfaces.trinidad.component.WrapperEvent.broadcastWrappedEvent(WrapperEvent.java:82)
	at oracle.adf.view.rich.component.fragment.ContextSwitchingComponent$1.run(ContextSwitchingComponent.java:168)
	at oracle.adf.view.rich.component.fragment.ContextSwitchingComponent._processPhase(ContextSwitchingComponent.java:510)
	at oracle.adf.view.rich.component.fragment.ContextSwitchingComponent.broadcast(ContextSwitchingComponent.java:171)
	at oracle.adf.view.rich.component.fragment.UIXInclude.broadcast(UIXInclude.java:115)
	at javax.faces.component.UIViewRoot.broadcastEvents(Unknown Source)
	at javax.faces.component.UIViewRoot.processApplication(Unknown Source)
	at oracle.adfinternal.view.faces.lifecycle.LifecycleImpl._invokeApplication(LifecycleImpl.java:1074)
	at oracle.adfinternal.view.faces.lifecycle.LifecycleImpl._executePhase(LifecycleImpl.java:402)
	at oracle.adfinternal.view.faces.lifecycle.LifecycleImpl.execute(LifecycleImpl.java:225)
	at javax.faces.webapp.FacesServlet.service(Unknown Source)
	at weblogic.servlet.internal.StubSecurityHelper$ServletServiceAction.run(StubSecurityHelper.java:280)
	at weblogic.servlet.internal.StubSecurityHelper$ServletServiceAction.run(StubSecurityHelper.java:254)
	at weblogic.servlet.internal.StubSecurityHelper.invokeServlet(StubSecurityHelper.java:136)
	at weblogic.servlet.internal.ServletStubImpl.execute(ServletStubImpl.java:346)
	at weblogic.servlet.internal.TailFilter.doFilter(TailFilter.java:25)
	at weblogic.servlet.internal.FilterChainImpl.doFilter(FilterChainImpl.java:79)
	at oracle.adf.model.servlet.ADFBindingFilter.doFilter(ADFBindingFilter.java:192)
	at weblogic.servlet.internal.FilterChainImpl.doFilter(FilterChainImpl.java:79)
	at oracle.adf.view.page.editor.webapp.WebCenterComposerFilter.doFilter(WebCenterComposerFilter.java:117)
	at weblogic.servlet.internal.FilterChainImpl.doFilter(FilterChainImpl.java:79)
	at oracle.adf.share.http.ServletADFFilter.doFilter(ServletADFFilter.java:77)
	at weblogic.servlet.internal.FilterChainImpl.doFilter(FilterChainImpl.java:79)
	at oracle.adfinternal.view.faces.webapp.rich.RegistrationFilter.doFilter(RegistrationFilter.java:105)
	at org.apache.myfaces.trinidadinternal.webapp.TrinidadFilterImpl$FilterListChain.doFilter(TrinidadFilterImpl.java:502)
	at oracle.adfinternal.view.faces.activedata.AdsFilter.doFilter(AdsFilter.java:60)
	at org.apache.myfaces.trinidadinternal.webapp.TrinidadFilterImpl$FilterListChain.doFilter(TrinidadFilterImpl.java:502)
	at org.apache.myfaces.trinidadinternal.webapp.TrinidadFilterImpl._doFilterImpl(TrinidadFilterImpl.java:327)
	at org.apache.myfaces.trinidadinternal.webapp.TrinidadFilterImpl.doFilter(TrinidadFilterImpl.java:229)
	at org.apache.myfaces.trinidad.webapp.TrinidadFilter.doFilter(TrinidadFilter.java:92)
	at weblogic.servlet.internal.FilterChainImpl.doFilter(FilterChainImpl.java:79)
	at oracle.sysman.eml.app.EMRepLoginFilter.doFilter(EMRepLoginFilter.java:800)
	at weblogic.servlet.internal.FilterChainImpl.doFilter(FilterChainImpl.java:79)
	at oracle.sysman.eml.app.MBeanServerConnFilter.doFilter(MBeanServerConnFilter.java:43)
	at weblogic.servlet.internal.FilterChainImpl.doFilter(FilterChainImpl.java:79)
	at oracle.adf.library.webapp.LibraryFilter.doFilter(LibraryFilter.java:202)
	at weblogic.servlet.internal.FilterChainImpl.doFilter(FilterChainImpl.java:79)
	at oracle.sysman.emInternalSDK.core.model.utils.EntityManagerFilter.doFilter(EntityManagerFilter.java:46)
	at weblogic.servlet.internal.FilterChainImpl.doFilter(FilterChainImpl.java:79)
	at oracle.sysman.eml.app.ContextInitFilter.doFilter(ContextInitFilter.java:561)
	at weblogic.servlet.internal.FilterChainImpl.doFilter(FilterChainImpl.java:79)
	at oracle.adfinternal.view.faces.caching.filter.AdfFacesCachingFilterImpl.doFilter(AdfFacesCachingFilterImpl.java:136)
	at oracle.adf.view.rich.webapp.AdfFacesCachingFilter.doFilter(AdfFacesCachingFilter.java:66)
	at weblogic.servlet.internal.FilterChainImpl.doFilter(FilterChainImpl.java:79)
	at oracle.sysman.core.app.exception.EMRuntimeExceptionFilter.doFilter(EMRuntimeExceptionFilter.java:150)
	at weblogic.servlet.internal.FilterChainImpl.doFilter(FilterChainImpl.java:79)
	at oracle.security.jps.ee.http.JpsAbsFilter$1.run(JpsAbsFilter.java:137)
	at java.security.AccessController.doPrivileged(Native Method)
	at oracle.security.jps.util.JpsSubject.doAsPrivileged(JpsSubject.java:315)
	at oracle.security.jps.ee.util.JpsPlatformUtil.runJaasMode(JpsPlatformUtil.java:460)
	at oracle.security.jps.ee.http.JpsAbsFilter.runJaasMode(JpsAbsFilter.java:120)
	at oracle.security.jps.ee.http.JpsAbsFilter.doFilter(JpsAbsFilter.java:217)
	at oracle.security.jps.ee.http.JpsFilter.doFilter(JpsFilter.java:81)
	at weblogic.servlet.internal.FilterChainImpl.doFilter(FilterChainImpl.java:79)
	at oracle.dms.servlet.DMSServletFilter.doFilter(DMSServletFilter.java:220)
	at weblogic.servlet.internal.FilterChainImpl.doFilter(FilterChainImpl.java:79)
	at weblogic.servlet.internal.RequestEventsFilter.doFilter(RequestEventsFilter.java:27)
	at weblogic.servlet.internal.FilterChainImpl.doFilter(FilterChainImpl.java:79)
	at weblogic.servlet.internal.WebAppServletContext$ServletInvocationAction.wrapRun(WebAppServletContext.java:3436)
	at weblogic.servlet.internal.WebAppServletContext$ServletInvocationAction.run(WebAppServletContext.java:3402)
	at weblogic.security.acl.internal.AuthenticatedSubject.doAs(AuthenticatedSubject.java:321)
	at weblogic.security.service.SecurityManager.runAs(SecurityManager.java:120)
	at weblogic.servlet.provider.WlsSubjectHandle.run(WlsSubjectHandle.java:57)
	at weblogic.servlet.internal.WebAppServletContext.doSecuredExecute(WebAppServletContext.java:2285)
	at weblogic.servlet.internal.WebAppServletContext.securedExecute(WebAppServletContext.java:2201)
	at weblogic.servlet.internal.WebAppServletContext.execute(WebAppServletContext.java:2179)
	at weblogic.servlet.internal.ServletRequestImpl.run(ServletRequestImpl.java:1575)
	at weblogic.servlet.provider.ContainerSupportProviderImpl$WlsRequestExecutor.run(ContainerSupportProviderImpl.java:255)
	at weblogic.work.ExecuteThread.execute(ExecuteThread.java:311)
	at weblogic.work.ExecuteThread.run(ExecuteThread.java:263)
Caused by: oracle.adf.controller.ControllerException: ADFC-0618: View ID '/navigateToLogicalActivity' is invalid.
	at oracle.adf.controller.AdfcIllegalArgumentException.<init>(AdfcIllegalArgumentException.java:54)
	... 95 more
2023-07-20 15:19:34,946 [Thread-11011526] ERROR testconn.TestConnectionHandler logp.251 - Test connection failure due to agentUrl must not be null or empty string. in threadedGetConnection.
oracle.sysman.emInternalSDK.db.conn.InvalidArgumentException: agentUrl must not be null or empty string.
	at oracle.sysman.emInternalSDK.db.conn.DBConnectionUtil.getConnection(DBConnectionUtil.java:799)
	at oracle.sysman.db.discovery.testconn.TestConnectionHandler.threadedGetConnection(TestConnectionHandler.java:178)
	at oracle.sysman.db.discovery.testconn.TestConnectionHandler$ConnectionThread.run(TestConnectionHandler.java:133)
	at java.lang.Thread.run(Thread.java:745)
2023-07-20 15:19:35,047 [[ACTIVE] ExecuteThread: '9' for queue: 'weblogic.kernel.Default (self-tuning)'] ERROR manualadd.DbAddBean logp.251 - Exception in validateDbCredsForNext()Target Name = BMIDRC1 : Target Type = oracle_database
java.sql.SQLException: Internal Error. Please check log for the details.
	at oracle.sysman.db.discovery.testconn.TestConnectionHandler.getSQLException(TestConnectionHandler.java:212)
	at oracle.sysman.db.discovery.testconn.TestConnectionHandler.threadedGetConnection(TestConnectionHandler.java:199)
	at oracle.sysman.db.discovery.testconn.TestConnectionHandler$ConnectionThread.run(TestConnectionHandler.java:133)
	at java.lang.Thread.run(Thread.java:745)
2023-07-20 15:19:49,219 [Thread-11011560] ERROR testconn.TestConnectionHandler logp.251 - Test connection failure due to agentUrl must not be null or empty string. in threadedGetConnection.
oracle.sysman.emInternalSDK.db.conn.InvalidArgumentException: agentUrl must not be null or empty string.
	at oracle.sysman.emInternalSDK.db.conn.DBConnectionUtil.getConnection(DBConnectionUtil.java:799)
	at oracle.sysman.db.discovery.testconn.TestConnectionHandler.threadedGetConnection(TestConnectionHandler.java:178)
	at oracle.sysman.db.discovery.testconn.TestConnectionHandler$ConnectionThread.run(TestConnectionHandler.java:133)
	at java.lang.Thread.run(Thread.java:745)
2023-07-20 15:19:49,320 [[ACTIVE] ExecuteThread: '6' for queue: 'weblogic.kernel.Default (self-tuning)'] ERROR manualadd.DbAddBean logp.251 - Exception in validateDbCredsForNext()Target Name = bmiprd1 : Target Type = oracle_database
java.sql.SQLException: Internal Error. Please check log for the details.
	at oracle.sysman.db.discovery.testconn.TestConnectionHandler.getSQLException(TestConnectionHandler.java:212)
	at oracle.sysman.db.discovery.testconn.TestConnectionHandler.threadedGetConnection(TestConnectionHandler.java:199)
	at oracle.sysman.db.discovery.testconn.TestConnectionHandler$ConnectionThread.run(TestConnectionHandler.java:133)
	at java.lang.Thread.run(Thread.java:745)
2023-07-20 15:20:00,800 [Thread-11011586] ERROR testconn.TestConnectionHandler logp.251 - Test connection failure due to agentUrl must not be null or empty string. in threadedGetConnection.
oracle.sysman.emInternalSDK.db.conn.InvalidArgumentException: agentUrl must not be null or empty string.
	at oracle.sysman.emInternalSDK.db.conn.DBConnectionUtil.getConnection(DBConnectionUtil.java:799)
	at oracle.sysman.db.discovery.testconn.TestConnectionHandler.threadedGetConnection(TestConnectionHandler.java:178)
	at oracle.sysman.db.discovery.testconn.TestConnectionHandler$ConnectionThread.run(TestConnectionHandler.java:133)
	at java.lang.Thread.run(Thread.java:745)
2023-07-20 15:20:00,900 [[ACTIVE] ExecuteThread: '7' for queue: 'weblogic.kernel.Default (self-tuning)'] ERROR manualadd.DbAddBean logp.251 - Exception in validateDbCredsForNext()Target Name = bmidr : Target Type = oracle_database
java.sql.SQLException: Internal Error. Please check log for the details.
	at oracle.sysman.db.discovery.testconn.TestConnectionHandler.getSQLException(TestConnectionHandler.java:212)
	at oracle.sysman.db.discovery.testconn.TestConnectionHandler.threadedGetConnection(TestConnectionHandler.java:199)
	at oracle.sysman.db.discovery.testconn.TestConnectionHandler$ConnectionThread.run(TestConnectionHandler.java:133)
	at java.lang.Thread.run(Thread.java:745)
2023-07-20 15:23:07,062 [Thread-11011995] ERROR testconn.TestConnectionHandler logp.251 - Test connection failure due to agentUrl must not be null or empty string. in threadedGetConnection.
oracle.sysman.emInternalSDK.db.conn.InvalidArgumentException: agentUrl must not be null or empty string.
	at oracle.sysman.emInternalSDK.db.conn.DBConnectionUtil.getConnection(DBConnectionUtil.java:799)
	at oracle.sysman.db.discovery.testconn.TestConnectionHandler.threadedGetConnection(TestConnectionHandler.java:178)
	at oracle.sysman.db.discovery.testconn.TestConnectionHandler$ConnectionThread.run(TestConnectionHandler.java:133)
	at java.lang.Thread.run(Thread.java:745)
2023-07-20 15:23:07,162 [[ACTIVE] ExecuteThread: '17' for queue: 'weblogic.kernel.Default (self-tuning)'] ERROR manualadd.DbAddBean logp.251 - Exception in validateDbCredsForNext()Target Name = BMIDR1 : Target Type = oracle_database
java.sql.SQLException: Internal Error. Please check log for the details.
	at oracle.sysman.db.discovery.testconn.TestConnectionHandler.getSQLException(TestConnectionHandler.java:212)
	at oracle.sysman.db.discovery.testconn.TestConnectionHandler.threadedGetConnection(TestConnectionHandler.java:199)
	at oracle.sysman.db.discovery.testconn.TestConnectionHandler$ConnectionThread.run(TestConnectionHandler.java:133)
	at java.lang.Thread.run(Thread.java:745)
2023-07-20 15:23:14,749 [Thread-11012011] ERROR testconn.TestConnectionHandler logp.251 - Test connection failure due to agentUrl must not be null or empty string. in threadedGetConnection.
oracle.sysman.emInternalSDK.db.conn.InvalidArgumentException: agentUrl must not be null or empty string.
	at oracle.sysman.emInternalSDK.db.conn.DBConnectionUtil.getConnection(DBConnectionUtil.java:799)
	at oracle.sysman.db.discovery.testconn.TestConnectionHandler.threadedGetConnection(TestConnectionHandler.java:178)
	at oracle.sysman.db.discovery.testconn.TestConnectionHandler$ConnectionThread.run(TestConnectionHandler.java:133)
	at java.lang.Thread.run(Thread.java:745)
2023-07-20 15:23:14,849 [[ACTIVE] ExecuteThread: '6' for queue: 'weblogic.kernel.Default (self-tuning)'] ERROR manualadd.DbAddBean logp.251 - Exception in validateDbCredsForNext()Target Name = BMIDR1 : Target Type = oracle_database
java.sql.SQLException: Internal Error. Please check log for the details.
	at oracle.sysman.db.discovery.testconn.TestConnectionHandler.getSQLException(TestConnectionHandler.java:212)
	at oracle.sysman.db.discovery.testconn.TestConnectionHandler.threadedGetConnection(TestConnectionHandler.java:199)
	at oracle.sysman.db.discovery.testconn.TestConnectionHandler$ConnectionThread.run(TestConnectionHandler.java:133)
	at java.lang.Thread.run(Thread.java:745)
2023-07-20 15:28:58,302 [Thread-11012759] ERROR testconn.TestConnectionHandler logp.251 - Test connection failure due to agentUrl must not be null or empty string. in threadedGetConnection.
oracle.sysman.emInternalSDK.db.conn.InvalidArgumentException: agentUrl must not be null or empty string.
	at oracle.sysman.emInternalSDK.db.conn.DBConnectionUtil.getConnection(DBConnectionUtil.java:799)
	at oracle.sysman.db.discovery.testconn.TestConnectionHandler.threadedGetConnection(TestConnectionHandler.java:178)
	at oracle.sysman.db.discovery.testconn.TestConnectionHandler$ConnectionThread.run(TestConnectionHandler.java:133)
	at java.lang.Thread.run(Thread.java:745)
2023-07-20 15:28:58,402 [[ACTIVE] ExecuteThread: '11' for queue: 'weblogic.kernel.Default (self-tuning)'] ERROR manualadd.DbAddBean logp.251 - Exception in validateDbCredsForNext()Target Name = BMIDR3 : Target Type = oracle_database
java.sql.SQLException: Internal Error. Please check log for the details.
	at oracle.sysman.db.discovery.testconn.TestConnectionHandler.getSQLException(TestConnectionHandler.java:212)
	at oracle.sysman.db.discovery.testconn.TestConnectionHandler.threadedGetConnection(TestConnectionHandler.java:199)
	at oracle.sysman.db.discovery.testconn.TestConnectionHandler$ConnectionThread.run(TestConnectionHandler.java:133)
	at java.lang.Thread.run(Thread.java:745)
2023-07-20 15:55:53,682 [Thread-11016249] ERROR testconn.TestConnectionHandler logp.251 - Test connection failure due to agentUrl must not be null or empty string. in threadedGetConnection.
oracle.sysman.emInternalSDK.db.conn.InvalidArgumentException: agentUrl must not be null or empty string.
	at oracle.sysman.emInternalSDK.db.conn.DBConnectionUtil.getConnection(DBConnectionUtil.java:799)
	at oracle.sysman.db.discovery.testconn.TestConnectionHandler.threadedGetConnection(TestConnectionHandler.java:178)
	at oracle.sysman.db.discovery.testconn.TestConnectionHandler$ConnectionThread.run(TestConnectionHandler.java:133)
	at java.lang.Thread.run(Thread.java:745)
2023-07-20 15:55:53,782 [pool-51819-thread-1] ERROR conf.Task logp.251 - Caught Exception in thread pool-51819-thread-1
java.sql.SQLException: Internal Error. Please check log for the details.
	at oracle.sysman.db.discovery.testconn.TestConnectionHandler.getSQLException(TestConnectionHandler.java:212)
	at oracle.sysman.db.discovery.testconn.TestConnectionHandler.threadedGetConnection(TestConnectionHandler.java:199)
	at oracle.sysman.db.discovery.testconn.TestConnectionHandler$ConnectionThread.run(TestConnectionHandler.java:133)
	at java.lang.Thread.run(Thread.java:745)
2023-07-20 15:56:07,487 [Thread-11016281] ERROR testconn.TestConnectionHandler logp.251 - Test connection failure due to agentUrl must not be null or empty string. in threadedGetConnection.
oracle.sysman.emInternalSDK.db.conn.InvalidArgumentException: agentUrl must not be null or empty string.
	at oracle.sysman.emInternalSDK.db.conn.DBConnectionUtil.getConnection(DBConnectionUtil.java:799)
	at oracle.sysman.db.discovery.testconn.TestConnectionHandler.threadedGetConnection(TestConnectionHandler.java:178)
	at oracle.sysman.db.discovery.testconn.TestConnectionHandler$ConnectionThread.run(TestConnectionHandler.java:133)
	at java.lang.Thread.run(Thread.java:745)
2023-07-20 15:56:07,587 [pool-51820-thread-1] ERROR conf.Task logp.251 - Caught Exception in thread pool-51820-thread-1
java.sql.SQLException: Internal Error. Please check log for the details.
	at oracle.sysman.db.discovery.testconn.TestConnectionHandler.getSQLException(TestConnectionHandler.java:212)
	at oracle.sysman.db.discovery.testconn.TestConnectionHandler.threadedGetConnection(TestConnectionHandler.java:199)
	at oracle.sysman.db.discovery.testconn.TestConnectionHandler$ConnectionThread.run(TestConnectionHandler.java:133)
	at java.lang.Thread.run(Thread.java:745)
2023-07-20 15:58:45,709 [Thread-11016621] ERROR testconn.TestConnectionHandler logp.251 - Test connection failure due to agentUrl must not be null or empty string. in threadedGetConnection.
oracle.sysman.emInternalSDK.db.conn.InvalidArgumentException: agentUrl must not be null or empty string.
	at oracle.sysman.emInternalSDK.db.conn.DBConnectionUtil.getConnection(DBConnectionUtil.java:799)
	at oracle.sysman.db.discovery.testconn.TestConnectionHandler.threadedGetConnection(TestConnectionHandler.java:178)
	at oracle.sysman.db.discovery.testconn.TestConnectionHandler$ConnectionThread.run(TestConnectionHandler.java:133)
	at java.lang.Thread.run(Thread.java:745)
2023-07-20 15:58:45,809 [pool-51821-thread-1] ERROR conf.Task logp.251 - Caught Exception in thread pool-51821-thread-1
java.sql.SQLException: Internal Error. Please check log for the details.
	at oracle.sysman.db.discovery.testconn.TestConnectionHandler.getSQLException(TestConnectionHandler.java:212)
	at oracle.sysman.db.discovery.testconn.TestConnectionHandler.threadedGetConnection(TestConnectionHandler.java:199)
	at oracle.sysman.db.discovery.testconn.TestConnectionHandler$ConnectionThread.run(TestConnectionHandler.java:133)
	at java.lang.Thread.run(Thread.java:745)
2023-07-20 15:59:40,573 [Thread-11016748] ERROR testconn.TestConnectionHandler logp.251 - Test connection failure due to agentUrl must not be null or empty string. in threadedGetConnection.
oracle.sysman.emInternalSDK.db.conn.InvalidArgumentException: agentUrl must not be null or empty string.
	at oracle.sysman.emInternalSDK.db.conn.DBConnectionUtil.getConnection(DBConnectionUtil.java:799)
	at oracle.sysman.db.discovery.testconn.TestConnectionHandler.threadedGetConnection(TestConnectionHandler.java:178)
	at oracle.sysman.db.discovery.testconn.TestConnectionHandler$ConnectionThread.run(TestConnectionHandler.java:133)
	at java.lang.Thread.run(Thread.java:745)
2023-07-20 15:59:40,674 [[ACTIVE] ExecuteThread: '14' for queue: 'weblogic.kernel.Default (self-tuning)'] ERROR manualadd.RacDbAddBean logp.251 - Exception in validateDbCredsForNext()Target Name = BMIDRC : Target Type = rac_database
java.sql.SQLException: Internal Error. Please check log for the details.
	at oracle.sysman.db.discovery.testconn.TestConnectionHandler.getSQLException(TestConnectionHandler.java:212)
	at oracle.sysman.db.discovery.testconn.TestConnectionHandler.threadedGetConnection(TestConnectionHandler.java:199)
	at oracle.sysman.db.discovery.testconn.TestConnectionHandler$ConnectionThread.run(TestConnectionHandler.java:133)
	at java.lang.Thread.run(Thread.java:745)
2023-07-20 16:01:02,990 [Thread-11016931] ERROR testconn.TestConnectionHandler logp.251 - Test connection failure due to agentUrl must not be null or empty string. in threadedGetConnection.
oracle.sysman.emInternalSDK.db.conn.InvalidArgumentException: agentUrl must not be null or empty string.
	at oracle.sysman.emInternalSDK.db.conn.DBConnectionUtil.getConnection(DBConnectionUtil.java:799)
	at oracle.sysman.db.discovery.testconn.TestConnectionHandler.threadedGetConnection(TestConnectionHandler.java:178)
	at oracle.sysman.db.discovery.testconn.TestConnectionHandler$ConnectionThread.run(TestConnectionHandler.java:133)
	at java.lang.Thread.run(Thread.java:745)
2023-07-20 16:01:03,090 [[ACTIVE] ExecuteThread: '11' for queue: 'weblogic.kernel.Default (self-tuning)'] ERROR manualadd.RacDbAddBean logp.251 - Exception in validateDbCredsForNext()Target Name = BMIDRC : Target Type = rac_database
java.sql.SQLException: Internal Error. Please check log for the details.
	at oracle.sysman.db.discovery.testconn.TestConnectionHandler.getSQLException(TestConnectionHandler.java:212)
	at oracle.sysman.db.discovery.testconn.TestConnectionHandler.threadedGetConnection(TestConnectionHandler.java:199)
	at oracle.sysman.db.discovery.testconn.TestConnectionHandler$ConnectionThread.run(TestConnectionHandler.java:133)
	at java.lang.Thread.run(Thread.java:745)
2023-07-20 16:01:26,945 [Thread-11016985] ERROR testconn.TestConnectionHandler logp.251 - Test connection failure due to agentUrl must not be null or empty string. in threadedGetConnection.
oracle.sysman.emInternalSDK.db.conn.InvalidArgumentException: agentUrl must not be null or empty string.
	at oracle.sysman.emInternalSDK.db.conn.DBConnectionUtil.getConnection(DBConnectionUtil.java:799)
	at oracle.sysman.db.discovery.testconn.TestConnectionHandler.threadedGetConnection(TestConnectionHandler.java:178)
	at oracle.sysman.db.discovery.testconn.TestConnectionHandler$ConnectionThread.run(TestConnectionHandler.java:133)
	at java.lang.Thread.run(Thread.java:745)
2023-07-20 16:01:27,045 [[ACTIVE] ExecuteThread: '17' for queue: 'weblogic.kernel.Default (self-tuning)'] ERROR manualadd.RacDbAddBean logp.251 - Exception in validateDbCredsForNext()Target Name = BMIDRC : Target Type = rac_database
java.sql.SQLException: Internal Error. Please check log for the details.
	at oracle.sysman.db.discovery.testconn.TestConnectionHandler.getSQLException(TestConnectionHandler.java:212)
	at oracle.sysman.db.discovery.testconn.TestConnectionHandler.threadedGetConnection(TestConnectionHandler.java:199)
	at oracle.sysman.db.discovery.testconn.TestConnectionHandler$ConnectionThread.run(TestConnectionHandler.java:133)
	at java.lang.Thread.run(Thread.java:745)
2023-07-20 16:04:32,122 [Thread-11017402] ERROR testconn.TestConnectionHandler logp.251 - Test connection failure due to agentUrl must not be null or empty string. in threadedGetConnection.
oracle.sysman.emInternalSDK.db.conn.InvalidArgumentException: agentUrl must not be null or empty string.
	at oracle.sysman.emInternalSDK.db.conn.DBConnectionUtil.getConnection(DBConnectionUtil.java:799)
	at oracle.sysman.db.discovery.testconn.TestConnectionHandler.threadedGetConnection(TestConnectionHandler.java:178)
	at oracle.sysman.db.discovery.testconn.TestConnectionHandler$ConnectionThread.run(TestConnectionHandler.java:133)
	at java.lang.Thread.run(Thread.java:745)
2023-07-20 16:04:32,222 [[ACTIVE] ExecuteThread: '11' for queue: 'weblogic.kernel.Default (self-tuning)'] ERROR manualadd.RacDbAddBean logp.251 - Exception in validateDbCredsForNext()Target Name = BMIDRC : Target Type = rac_database
java.sql.SQLException: Internal Error. Please check log for the details.
	at oracle.sysman.db.discovery.testconn.TestConnectionHandler.getSQLException(TestConnectionHandler.java:212)
	at oracle.sysman.db.discovery.testconn.TestConnectionHandler.threadedGetConnection(TestConnectionHandler.java:199)
	at oracle.sysman.db.discovery.testconn.TestConnectionHandler$ConnectionThread.run(TestConnectionHandler.java:133)
	at java.lang.Thread.run(Thread.java:745)

