2023-04-10_15-29-43:INFO:======================================Initialization START ====================================
2023-04-10_15-29-43:INFO:Creating instance of ClusterBase Ops for hostnameuat01-mcb-app.bankmuamalat.co.id
2023-04-10_15-29-44:INFO:Retry Count 5 sleep interval 250
2023-04-10_15-29-44:INFO:Setting security contextSYSMAN
2023-04-10_15-29-44:INFO:Setting locale succeeded in BaseDeployerOps
2023-04-10_15-29-44:INFO:[action name=SSHValidations, action Description=Remote Validations, order=100, skip=false, executeAlways=false, status=null, 

2023-04-10_15-29-44:INFO:[action name=SSHSetup, action Description=SSH Setup, order=200, skip=false, executeAlways=false, status=null, 

2023-04-10_15-29-44:INFO:skipping ssh setup  since its jsch plugin
2023-04-10_15-29-44:INFO: Skipping action SSHSetup based on inputs
2023-04-10_15-29-44:INFO:[action name=CopyAgentImage, action Description=Transferring Agent Software to Destination Host, order=300, skip=false, executeAlways=false, status=null, 

2023-04-10_15-29-44:INFO: ACTIONS : SSHValidations
2023-04-10_15-29-44:INFO: ACTIONS : CopyAgentImage
2023-04-10_15-29-44:INFO:============Creating Deployment Vo for key : Initialization and setting status as NOT_EXECUTED
2023-04-10_15-29-44:INFO:=====Creating Action Vo for actionSSHValidations
2023-04-10_15-29-44:INFO:=====Creating Action Vo for actionCopyAgentImage
2023-04-10_15-29-44:INFO:deploymentVo has now status: NOT_EXECUTED
2023-04-10_15-29-44:INFO:==SUDO EXISTS false SUDO PRIV false
2023-04-10_15-29-44:INFO:====CALLING ACTIONdoSSHValidations
2023-04-10_15-29-44:INFO:updating status IN_PROGRESS for action name SSHValidations with key: SSHValidations
2023-04-10_15-29-44:INFO:action:NodesAliveperform:true
2023-04-10_15-29-44:INFO:===VALIDATION===:Checking for Nodes Alive 
2023-04-10_15-29-44:INFO:RESULT 0
2023-04-10_15-29-44:INFO:====CALLING ACTIONdoNodesAlive
2023-04-10_15-29-44:INFO:action:RemotePasswordCheckperform:true
2023-04-10_15-29-44:INFO:===VALIDATION===:Checking Password Validity on target nodes
2023-04-10_15-29-44:INFO:NODES=uat01-mcb-app.bankmuamalat.co.id Retry Count 5
2023-04-10_15-29-44:INFO:retry count : 1
2023-04-10_15-29-44:INFO:Running cmd /bin/true on node uat01-mcb-app.bankmuamalat.co.id
2023-04-10_15-29-44:INFO:ssh connect timeout 60000
2023-04-10_15-29-45:INFO:Exit Code : 0
2023-04-10_15-29-45:INFO:Error : 
2023-04-10_15-29-45:INFO:Out:
2023-04-10_15-29-45:INFO:Checking for password validity on target nodes : PASSED
2023-04-10_15-29-45:INFO:RESULT 0
2023-04-10_15-29-45:INFO:====CALLING ACTIONdoRemotePasswordCheck
2023-04-10_15-29-45:INFO:action:ShPathCheckperform:true
2023-04-10_15-29-45:INFO:===VALIDATION===:Checking SH_PATH on target nodes
2023-04-10_15-29-45:INFO:isWrongShPath:remotePathPropertiesLoc:/oracle/app/oracle/middleware/oui/prov/resources Platform id:226
2023-04-10_15-29-45:INFO:NODES=uat01-mcb-app.bankmuamalat.co.id
2023-04-10_15-29-45:INFO:Running cmd /bin/sh -c /bin/true on node uat01-mcb-app.bankmuamalat.co.id
2023-04-10_15-29-45:INFO:Action description Execution of command /bin/sh -c /bin/true  on host uat01-mcb-app.bankmuamalat.co.id
2023-04-10_15-29-45:INFO:Attempt :1 pty required false  with no inputs
2023-04-10_15-29-47:INFO:/bin/sh -c /bin/true execution was successful on host uat01-mcb-app.bankmuamalat.co.id
2023-04-10_15-29-47:INFO:output: 
2023-04-10_15-29-47:INFO:error-stream: 
2023-04-10_15-29-47:INFO:exit-code: 0
2023-04-10_15-29-47:INFO:Checking SH_PATH on target nodes : PASSED
2023-04-10_15-29-47:INFO:RESULT 0
2023-04-10_15-29-47:INFO:====CALLING ACTIONdoShPathCheck
2023-04-10_15-29-47:INFO:action:BannerCheckperform:true
2023-04-10_15-29-47:INFO:Calling Wrapper Banner Check
2023-04-10_15-29-47:INFO:===Validation===:Banner Check on target nodes for login shell :true
2023-04-10_15-29-47:INFO:Banner Command to use:/bin/true
2023-04-10_15-29-47:INFO:NODES=uat01-mcb-app.bankmuamalat.co.id
2023-04-10_15-29-47:INFO:ITERATION :1
2023-04-10_15-29-48:INFO:Exit Code : 0
2023-04-10_15-29-48:INFO:Error : 
2023-04-10_15-29-48:INFO:Error(filtered) : 
2023-04-10_15-29-48:INFO:Out:
2023-04-10_15-29-48:INFO:Out(filtered) :
2023-04-10_15-29-48:INFO:ITERATION :2
2023-04-10_15-29-49:INFO:Exit Code : 0
2023-04-10_15-29-49:INFO:Error : 
2023-04-10_15-29-49:INFO:Error(filtered) : 
2023-04-10_15-29-49:INFO:Out:
2023-04-10_15-29-49:INFO:Out(filtered) :
2023-04-10_15-29-49:INFO:ITERATION :3
2023-04-10_15-29-50:INFO:Exit Code : 0
2023-04-10_15-29-50:INFO:Error : 
2023-04-10_15-29-50:INFO:Error(filtered) : 
2023-04-10_15-29-50:INFO:Out:
2023-04-10_15-29-50:INFO:Out(filtered) :
2023-04-10_15-29-50:INFO:ITERATION Considered for prereq :3
2023-04-10_15-29-50:INFO:Banner Check on target nodes : PASSED
2023-04-10_15-29-50:INFO:===Validation===:Banner Check on target nodes for login shell :false
2023-04-10_15-29-50:INFO:isWrongShPath:remotePathPropertiesLoc:/oracle/app/oracle/middleware/oui/prov/resources Platform id:226
2023-04-10_15-29-50:INFO:SH_PATH:/bin/sh SH_ARGS:-c
2023-04-10_15-29-50:INFO:Banner Command to use:/bin/sh -c /bin/true
2023-04-10_15-29-50:INFO:NODES=uat01-mcb-app.bankmuamalat.co.id
2023-04-10_15-29-50:INFO:ITERATION :1
2023-04-10_15-29-52:INFO:Exit Code : 0
2023-04-10_15-29-52:INFO:Error : 
2023-04-10_15-29-52:INFO:Error(filtered) : 
2023-04-10_15-29-52:INFO:Out:
2023-04-10_15-29-52:INFO:Out(filtered) :
2023-04-10_15-29-52:INFO:ITERATION :2
2023-04-10_15-29-53:INFO:Exit Code : 0
2023-04-10_15-29-53:INFO:Error : 
2023-04-10_15-29-53:INFO:Error(filtered) : 
2023-04-10_15-29-53:INFO:Out:
2023-04-10_15-29-53:INFO:Out(filtered) :
2023-04-10_15-29-53:INFO:ITERATION :3
2023-04-10_15-29-54:INFO:Exit Code : 0
2023-04-10_15-29-54:INFO:Error : 
2023-04-10_15-29-54:INFO:Error(filtered) : 
2023-04-10_15-29-54:INFO:Out:
2023-04-10_15-29-54:INFO:Out(filtered) :
2023-04-10_15-29-54:INFO:ITERATION Considered for prereq :3
2023-04-10_15-29-54:INFO:Banner Check on target nodes : PASSED
2023-04-10_15-29-54:INFO:RESULT 0
2023-04-10_15-29-54:INFO:====CALLING ACTIONdoBannerCheck
2023-04-10_15-29-54:INFO:action:OPCHostNameCheckperform:true
2023-04-10_15-29-54:INFO:===Validation===: Checking OPC Host Name
2023-04-10_15-29-54:INFO:Skipping OPC check for normal em agent deployment.
2023-04-10_15-29-54:INFO:RESULT 0
2023-04-10_15-29-54:INFO:====CALLING ACTIONdoOPCHostNameCheck
2023-04-10_15-29-54:INFO:action:PDPSettingsCheckperform:true
2023-04-10_15-29-54:INFO:===VALIDATION===:Checking PDP settings on target nodes
2023-04-10_15-29-54:INFO: Run As not set in the named creds.
2023-04-10_15-29-54:INFO:RESULT 0
2023-04-10_15-29-54:INFO:====CALLING ACTIONdoPDPSettingsCheck
2023-04-10_15-29-54:INFO:action:PreDeployScriptperform:true
2023-04-10_15-29-54:INFO:skipping predeploy script since user has not specified one
2023-04-10_15-29-54:INFO:RESULT 0
2023-04-10_15-29-54:INFO:====CALLING ACTIONdoPreDeployScript
2023-04-10_15-29-54:INFO:action:PreInstallScriptCheckperform:true
2023-04-10_15-29-54:INFO:No Pre install script specified 
2023-04-10_15-29-54:INFO:RESULT 0
2023-04-10_15-29-54:INFO:====CALLING ACTIONdoPreInstallScriptCheck
2023-04-10_15-29-54:INFO:action:PostInstallScriptCheckperform:true
2023-04-10_15-29-54:INFO:No Post install script specified 
2023-04-10_15-29-54:INFO:RESULT 0
2023-04-10_15-29-54:INFO:====CALLING ACTIONdoPostInstallScriptCheck
2023-04-10_15-29-54:INFO:action:MasterAgentValidityCheckperform:true
2023-04-10_15-29-54:INFO:Skipping doMasterAgentValidityCheck  as it is not a NFS install 
2023-04-10_15-29-54:INFO:RESULT 0
2023-04-10_15-29-54:INFO:====CALLING ACTIONdoMasterAgentValidityCheck
2023-04-10_15-29-54:INFO:action:RemotePathCheckperform:true
2023-04-10_15-29-54:INFO:===Validation===: Checking Remote Paths on target nodes
2023-04-10_15-29-54:INFO:isRemotePathsExist:remotePathPropertiesLoc:/oracle/app/oracle/middleware/oui/prov/resources Platform id:226
2023-04-10_15-29-55:INFO:Retrieving value of SH_PATH for  uat01-mcb-app.bankmuamalat.co.id
2023-04-10_15-29-55:INFO:Checking if file SH_PATH:/bin/sh exists on uat01-mcb-app.bankmuamalat.co.id
2023-04-10_15-29-55:INFO:Setting file existence flag to -f for path SH_PATH
2023-04-10_15-29-55:INFO:Running cmd /bin/sh -c 'if [ -f /bin/sh ] ; then exit 0; else exit 1; fi' on node uat01-mcb-app.bankmuamalat.co.id
2023-04-10_15-29-55:INFO:Action description Execution of command /bin/sh -c 'if [ -f /bin/sh ] ; then exit 0; else exit 1; fi'  on host uat01-mcb-app.bankmuamalat.co.id
2023-04-10_15-29-55:INFO:Attempt :1 pty required false  with no inputs
2023-04-10_15-29-57:INFO:/bin/sh -c 'if [ -f /bin/sh ] ; then exit 0; else exit 1; fi' execution was successful on host uat01-mcb-app.bankmuamalat.co.id
2023-04-10_15-29-57:INFO:output: 
2023-04-10_15-29-57:INFO:error-stream: 
2023-04-10_15-29-57:INFO:exit-code: 0
2023-04-10_15-29-57:INFO:Retrieving value of SSH_PATH for  uat01-mcb-app.bankmuamalat.co.id
2023-04-10_15-29-57:INFO:Checking if file SSH_PATH:/usr/bin/ssh exists on uat01-mcb-app.bankmuamalat.co.id
2023-04-10_15-29-57:INFO:Setting file existence flag to -f for path SSH_PATH
2023-04-10_15-29-57:INFO:Running cmd /bin/sh -c 'if [ -f /usr/bin/ssh ] ; then exit 0; else exit 1; fi' on node uat01-mcb-app.bankmuamalat.co.id
2023-04-10_15-29-57:INFO:Action description Execution of command /bin/sh -c 'if [ -f /usr/bin/ssh ] ; then exit 0; else exit 1; fi'  on host uat01-mcb-app.bankmuamalat.co.id
2023-04-10_15-29-57:INFO:Attempt :1 pty required false  with no inputs
2023-04-10_15-29-58:INFO:/bin/sh -c 'if [ -f /usr/bin/ssh ] ; then exit 0; else exit 1; fi' execution was successful on host uat01-mcb-app.bankmuamalat.co.id
2023-04-10_15-29-58:INFO:output: 
2023-04-10_15-29-58:INFO:error-stream: 
2023-04-10_15-29-58:INFO:exit-code: 0
2023-04-10_15-29-58:INFO:Retrieving value of SCP_PATH for  uat01-mcb-app.bankmuamalat.co.id
2023-04-10_15-29-58:INFO:Checking if file SCP_PATH:/usr/bin/scp exists on uat01-mcb-app.bankmuamalat.co.id
2023-04-10_15-29-58:INFO:Setting file existence flag to -f for path SCP_PATH
2023-04-10_15-29-58:INFO:Running cmd /bin/sh -c 'if [ -f /usr/bin/scp ] ; then exit 0; else exit 1; fi' on node uat01-mcb-app.bankmuamalat.co.id
2023-04-10_15-29-58:INFO:Action description Execution of command /bin/sh -c 'if [ -f /usr/bin/scp ] ; then exit 0; else exit 1; fi'  on host uat01-mcb-app.bankmuamalat.co.id
2023-04-10_15-29-58:INFO:Attempt :1 pty required false  with no inputs
2023-04-10_15-29-59:INFO:/bin/sh -c 'if [ -f /usr/bin/scp ] ; then exit 0; else exit 1; fi' execution was successful on host uat01-mcb-app.bankmuamalat.co.id
2023-04-10_15-29-59:INFO:output: 
2023-04-10_15-29-59:INFO:error-stream: 
2023-04-10_15-29-59:INFO:exit-code: 0
2023-04-10_15-29-59:INFO:Retrieving value of CHMOD_PATH for  uat01-mcb-app.bankmuamalat.co.id
2023-04-10_15-29-59:INFO:Checking if file CHMOD_PATH:/bin/chmod exists on uat01-mcb-app.bankmuamalat.co.id
2023-04-10_15-29-59:INFO:Setting file existence flag to -f for path CHMOD_PATH
2023-04-10_15-29-59:INFO:Running cmd /bin/sh -c 'if [ -f /bin/chmod ] ; then exit 0; else exit 1; fi' on node uat01-mcb-app.bankmuamalat.co.id
2023-04-10_15-29-59:INFO:Action description Execution of command /bin/sh -c 'if [ -f /bin/chmod ] ; then exit 0; else exit 1; fi'  on host uat01-mcb-app.bankmuamalat.co.id
2023-04-10_15-29-59:INFO:Attempt :1 pty required false  with no inputs
2023-04-10_15-30-00:INFO:/bin/sh -c 'if [ -f /bin/chmod ] ; then exit 0; else exit 1; fi' execution was successful on host uat01-mcb-app.bankmuamalat.co.id
2023-04-10_15-30-00:INFO:output: 
2023-04-10_15-30-00:INFO:error-stream: 
2023-04-10_15-30-00:INFO:exit-code: 0
2023-04-10_15-30-00:INFO:Retrieving value of MKDIR_PATH for  uat01-mcb-app.bankmuamalat.co.id
2023-04-10_15-30-00:INFO:Checking if file MKDIR_PATH:/bin/mkdir exists on uat01-mcb-app.bankmuamalat.co.id
2023-04-10_15-30-00:INFO:Setting file existence flag to -f for path MKDIR_PATH
2023-04-10_15-30-00:INFO:Running cmd /bin/sh -c 'if [ -f /bin/mkdir ] ; then exit 0; else exit 1; fi' on node uat01-mcb-app.bankmuamalat.co.id
2023-04-10_15-30-00:INFO:Action description Execution of command /bin/sh -c 'if [ -f /bin/mkdir ] ; then exit 0; else exit 1; fi'  on host uat01-mcb-app.bankmuamalat.co.id
2023-04-10_15-30-00:INFO:Attempt :1 pty required false  with no inputs
2023-04-10_15-30-02:INFO:/bin/sh -c 'if [ -f /bin/mkdir ] ; then exit 0; else exit 1; fi' execution was successful on host uat01-mcb-app.bankmuamalat.co.id
2023-04-10_15-30-02:INFO:output: 
2023-04-10_15-30-02:INFO:error-stream: 
2023-04-10_15-30-02:INFO:exit-code: 0
2023-04-10_15-30-02:INFO:Retrieving value of RM_PATH for  uat01-mcb-app.bankmuamalat.co.id
2023-04-10_15-30-02:INFO:Checking if file RM_PATH:/bin/rm exists on uat01-mcb-app.bankmuamalat.co.id
2023-04-10_15-30-02:INFO:Setting file existence flag to -f for path RM_PATH
2023-04-10_15-30-02:INFO:Running cmd /bin/sh -c 'if [ -f /bin/rm ] ; then exit 0; else exit 1; fi' on node uat01-mcb-app.bankmuamalat.co.id
2023-04-10_15-30-02:INFO:Action description Execution of command /bin/sh -c 'if [ -f /bin/rm ] ; then exit 0; else exit 1; fi'  on host uat01-mcb-app.bankmuamalat.co.id
2023-04-10_15-30-02:INFO:Attempt :1 pty required false  with no inputs
2023-04-10_15-30-03:INFO:/bin/sh -c 'if [ -f /bin/rm ] ; then exit 0; else exit 1; fi' execution was successful on host uat01-mcb-app.bankmuamalat.co.id
2023-04-10_15-30-03:INFO:output: 
2023-04-10_15-30-03:INFO:error-stream: 
2023-04-10_15-30-03:INFO:exit-code: 0
2023-04-10_15-30-03:INFO:Not checking LS_PATH on unix
2023-04-10_15-30-03:INFO:Host path error message for all nodes :
2023-04-10_15-30-03:INFO:Checking Remote Paths on target nodes : PASSED
2023-04-10_15-30-03:INFO:RESULT 0
2023-04-10_15-30-03:INFO:====CALLING ACTIONdoRemotePathCheck
2023-04-10_15-30-03:INFO:action:InstallBaseDirectoryWritableAndEmptyCheckperform:true
2023-04-10_15-30-03:INFO: ===VALIDATION===:Checking install base Dir is writable and empty/app/em13c
2023-04-10_15-30-03:INFO:Dir Writable Check/app/em13c
2023-04-10_15-30-03:INFO:doDirWritableCheck:remotePathPropertiesLoc:/oracle/app/oracle/middleware/oui/prov/resources Platform id:226
2023-04-10_15-30-03:INFO:Calling formFileTestCmd with dir:/app/em13c
2023-04-10_15-30-03:INFO:Checking if dir /app/em13c exists on uat01-mcb-app.bankmuamalat.co.id
2023-04-10_15-30-03:INFO:Running cmd /bin/sh -c 'if [ -d /app/em13c ] ; then exit 0; else exit 1; fi' on node uat01-mcb-app.bankmuamalat.co.id
2023-04-10_15-30-03:INFO:RUN AS null
2023-04-10_15-30-03:INFO:Action description Execution of command /bin/sh -c 'if [ -d /app/em13c ] ; then exit 0; else exit 1; fi'  on host uat01-mcb-app.bankmuamalat.co.id
2023-04-10_15-30-03:INFO:Attempt :1 pty required false  with no inputs
2023-04-10_15-30-04:INFO:/bin/sh -c 'if [ -d /app/em13c ] ; then exit 0; else exit 1; fi' execution was successful on host uat01-mcb-app.bankmuamalat.co.id
2023-04-10_15-30-04:INFO:output: 
2023-04-10_15-30-04:INFO:error-stream: 
2023-04-10_15-30-04:INFO:exit-code: 0
2023-04-10_15-30-04:INFO:Success /app/em13c exists on uat01-mcb-app.bankmuamalat.co.id
2023-04-10_15-30-04:INFO:Running cmd /bin/sh -c 'if [ -w /app/em13c ] ; then exit 0; else exit 1; fi' on node uat01-mcb-app.bankmuamalat.co.id
2023-04-10_15-30-04:INFO:Action description Execution of command /bin/sh -c 'if [ -w /app/em13c ] ; then exit 0; else exit 1; fi'  on host uat01-mcb-app.bankmuamalat.co.id
2023-04-10_15-30-04:INFO:Attempt :1 pty required false  with no inputs
2023-04-10_15-30-06:INFO:/bin/sh -c 'if [ -w /app/em13c ] ; then exit 0; else exit 1; fi' execution was successful on host uat01-mcb-app.bankmuamalat.co.id
2023-04-10_15-30-06:INFO:output: 
2023-04-10_15-30-06:INFO:error-stream: 
2023-04-10_15-30-06:INFO:exit-code: 0
2023-04-10_15-30-06:INFO:Success :/app/em13c writable on uat01-mcb-app.bankmuamalat.co.id
2023-04-10_15-30-06:INFO:Dir Existence and Writability Check : PASSED
2023-04-10_15-30-06:INFO:doDirWritableCheck:remotePathPropertiesLoc:/oracle/app/oracle/middleware/oui/prov/resources Platform id:226
2023-04-10_15-30-06:INFO:ls cmd /bin/ls
2023-04-10_15-30-06:INFO:Command /bin/ls -A /app/em13c
2023-04-10_15-30-06:INFO:Action description Execution of command /bin/ls -A /app/em13c  on host uat01-mcb-app.bankmuamalat.co.id
2023-04-10_15-30-06:INFO:Attempt :1 pty required false  with no inputs
2023-04-10_15-30-07:INFO:/bin/ls -A /app/em13c execution was successful on host uat01-mcb-app.bankmuamalat.co.id
2023-04-10_15-30-07:INFO:output: 
2023-04-10_15-30-07:INFO:error-stream: 
2023-04-10_15-30-07:INFO:exit-code: 0
2023-04-10_15-30-07:INFO:Exit Code : 0
2023-04-10_15-30-07:INFO:Error : null
2023-04-10_15-30-07:INFO:Out:null
2023-04-10_15-30-07:INFO:ls command /bin/ls -A /app/em13c executed successfully 
2023-04-10_15-30-07:INFO:/app/em13c is empty
2023-04-10_15-30-07:INFO:Checking install base Dir is writable/app/em13c PASSED
2023-04-10_15-30-07:INFO:RESULT 0
2023-04-10_15-30-07:INFO:====CALLING ACTIONdoInstallBaseDirectoryWritableAndEmptyCheck
2023-04-10_15-30-07:INFO:action:InstanceDirectoryWritableAndEmptyCheckperform:true
2023-04-10_15-30-07:INFO: ===VALIDATION===:Checking instance Dir is writable and empty/app/em13c/agent_inst
2023-04-10_15-30-07:INFO:Dir Writable Check/app/em13c/agent_inst
2023-04-10_15-30-07:INFO:doDirWritableCheck:remotePathPropertiesLoc:/oracle/app/oracle/middleware/oui/prov/resources Platform id:226
2023-04-10_15-30-07:INFO:Calling formFileTestCmd with dir:/app/em13c/agent_inst
2023-04-10_15-30-07:INFO:Checking if dir /app/em13c/agent_inst exists on uat01-mcb-app.bankmuamalat.co.id
2023-04-10_15-30-07:INFO:Running cmd /bin/sh -c 'if [ -d /app/em13c/agent_inst ] ; then exit 0; else exit 1; fi' on node uat01-mcb-app.bankmuamalat.co.id
2023-04-10_15-30-07:INFO:RUN AS null
2023-04-10_15-30-07:INFO:Action description Execution of command /bin/sh -c 'if [ -d /app/em13c/agent_inst ] ; then exit 0; else exit 1; fi'  on host uat01-mcb-app.bankmuamalat.co.id
2023-04-10_15-30-07:INFO:Attempt :1 pty required false  with no inputs
2023-04-10_15-30-08:INFO:/bin/sh -c 'if [ -d /app/em13c/agent_inst ] ; then exit 0; else exit 1; fi' execution failed on host uat01-mcb-app.bankmuamalat.co.id
2023-04-10_15-30-08:INFO: ACTION Execution of command /bin/sh -c 'if [ -d /app/em13c/agent_inst ] ; then exit 0; else exit 1; fi'  on host uat01-mcb-app.bankmuamalat.co.id
2023-04-10_15-30-08:INFO: OUT null
2023-04-10_15-30-08:INFO: ERR null
2023-04-10_15-30-08:INFO: EXIT CODE1
2023-04-10_15-30-08:INFO:Error /app/em13c/agent_instdoes not exists on uat01-mcb-app.bankmuamalat.co.id
2023-04-10_15-30-08:INFO:Trying to create dir /app/em13c/agent_inst  on uat01-mcb-app.bankmuamalat.co.id
2023-04-10_15-30-08:INFO:Running cmd /bin/mkdir -p /app/em13c/agent_inst on node uat01-mcb-app.bankmuamalat.co.id
2023-04-10_15-30-08:INFO:Action description Execution of command /bin/mkdir -p /app/em13c/agent_inst  on host uat01-mcb-app.bankmuamalat.co.id
2023-04-10_15-30-08:INFO:Attempt :1 pty required false  with no inputs
2023-04-10_15-30-09:INFO:/bin/mkdir -p /app/em13c/agent_inst execution was successful on host uat01-mcb-app.bankmuamalat.co.id
2023-04-10_15-30-09:INFO:output: 
2023-04-10_15-30-09:INFO:error-stream: 
2023-04-10_15-30-09:INFO:exit-code: 0
2023-04-10_15-30-09:INFO:Success /app/em13c/agent_inst creation on uat01-mcb-app.bankmuamalat.co.id
2023-04-10_15-30-09:INFO:Running cmd /bin/sh -c 'if [ -w /app/em13c/agent_inst ] ; then exit 0; else exit 1; fi' on node uat01-mcb-app.bankmuamalat.co.id
2023-04-10_15-30-09:INFO:Action description Execution of command /bin/sh -c 'if [ -w /app/em13c/agent_inst ] ; then exit 0; else exit 1; fi'  on host uat01-mcb-app.bankmuamalat.co.id
2023-04-10_15-30-09:INFO:Attempt :1 pty required false  with no inputs
2023-04-10_15-30-11:INFO:/bin/sh -c 'if [ -w /app/em13c/agent_inst ] ; then exit 0; else exit 1; fi' execution was successful on host uat01-mcb-app.bankmuamalat.co.id
2023-04-10_15-30-11:INFO:output: 
2023-04-10_15-30-11:INFO:error-stream: 
2023-04-10_15-30-11:INFO:exit-code: 0
2023-04-10_15-30-11:INFO:Success :/app/em13c/agent_inst writable on uat01-mcb-app.bankmuamalat.co.id
2023-04-10_15-30-11:INFO:Removing Directory /app/em13c/agent_inst since application created it:/bin/rmdir /app/em13c/agent_inst
2023-04-10_15-30-11:INFO:Action description Execution of command /bin/rmdir /app/em13c/agent_inst  on host uat01-mcb-app.bankmuamalat.co.id
2023-04-10_15-30-11:INFO:Attempt :1 pty required false  with no inputs
2023-04-10_15-30-12:INFO:/bin/rmdir /app/em13c/agent_inst execution was successful on host uat01-mcb-app.bankmuamalat.co.id
2023-04-10_15-30-12:INFO:output: 
2023-04-10_15-30-12:INFO:error-stream: 
2023-04-10_15-30-12:INFO:exit-code: 0
2023-04-10_15-30-12:INFO:Dir Existence and Writability Check : PASSED
2023-04-10_15-30-12:INFO:doDirWritableCheck:remotePathPropertiesLoc:/oracle/app/oracle/middleware/oui/prov/resources Platform id:226
2023-04-10_15-30-12:INFO:ls cmd /bin/ls
2023-04-10_15-30-12:INFO:Command /bin/ls -A /app/em13c/agent_inst
2023-04-10_15-30-12:INFO:Action description Execution of command /bin/ls -A /app/em13c/agent_inst  on host uat01-mcb-app.bankmuamalat.co.id
2023-04-10_15-30-12:INFO:Attempt :1 pty required false  with no inputs
2023-04-10_15-30-13:INFO:/bin/ls -A /app/em13c/agent_inst execution failed on host uat01-mcb-app.bankmuamalat.co.id
2023-04-10_15-30-13:INFO: ACTION Execution of command /bin/ls -A /app/em13c/agent_inst  on host uat01-mcb-app.bankmuamalat.co.id
2023-04-10_15-30-13:INFO: OUT null
2023-04-10_15-30-13:INFO: ERR /bin/ls: cannot access /app/em13c/agent_inst: No such file or directory

2023-04-10_15-30-13:INFO: EXIT CODE2
2023-04-10_15-30-13:INFO:Printing Exception :CommandException: err: /bin/ls: cannot access /app/em13c/agent_inst: No such file or directory
 out: null exitcode: 2
 stacktrace: 
null
	at oracle.sysman.core.agentpush.ui.deployer.DeployerOps.executeCommandOnNodeInteractive(DeployerOps.java:1248)
	at oracle.sysman.core.agentpush.ui.deployer.DeployerOps.executeCommandOnNodeInteractive(DeployerOps.java:1086)
	at oracle.sysman.core.agentpush.ui.deployer.JschValidationOps.isDirEmpty(JschValidationOps.java:1828)
	at oracle.sysman.core.agentpush.ui.deployer.JschValidationOps.doInstanceDirectoryWritableAndEmptyCheck(JschValidationOps.java:1468)
	at sun.reflect.NativeMethodAccessorImpl.invoke0(Native Method)
	at sun.reflect.NativeMethodAccessorImpl.invoke(NativeMethodAccessorImpl.java:57)
	at sun.reflect.DelegatingMethodAccessorImpl.invoke(DelegatingMethodAccessorImpl.java:43)
	at java.lang.reflect.Method.invoke(Method.java:606)
	at oracle.sysman.core.agentpush.ui.deployer.InitializationDeployer.doSSHValidations(InitializationDeployer.java:135)
	at sun.reflect.NativeMethodAccessorImpl.invoke0(Native Method)
	at sun.reflect.NativeMethodAccessorImpl.invoke(NativeMethodAccessorImpl.java:57)
	at sun.reflect.DelegatingMethodAccessorImpl.invoke(DelegatingMethodAccessorImpl.java:43)
	at java.lang.reflect.Method.invoke(Method.java:606)
	at oracle.sysman.core.agentpush.ui.deployer.BaseDeployerOps.executeActions(BaseDeployerOps.java:2156)
	at oracle.sysman.core.agentpush.ui.deployer.InitializationDeployer.deploy(InitializationDeployer.java:400)
	at oracle.sysman.core.agentpush.ui.deployfwk.DeploymentWorker.run(DeploymentWorker.java:26)
	at oracle.sysman.util.threadPoolManager.WorkerThread.run(Worker.java:311)

2023-04-10_15-30-13:INFO:Checking instance Dir is writable/app/em13c PASSED
2023-04-10_15-30-13:INFO:RESULT 0
2023-04-10_15-30-13:INFO:====CALLING ACTIONdoInstanceDirectoryWritableAndEmptyCheck
2023-04-10_15-30-13:INFO:Skipping validation:RemoteHomeDirCheck
2023-04-10_15-30-13:INFO:action:UmaskCheckperform:true
2023-04-10_15-30-13:INFO:===Validation===: Checking UMask Validity on target nodes
2023-04-10_15-30-13:INFO:NODES=uat01-mcb-app.bankmuamalat.co.id
2023-04-10_15-30-13:INFO:Running cmd umask  on node uat01-mcb-app.bankmuamalat.co.id
2023-04-10_15-30-13:INFO:Action description Execution of command umask   on host uat01-mcb-app.bankmuamalat.co.id
2023-04-10_15-30-13:INFO:Attempt :1 pty required false  with no inputs
2023-04-10_15-30-14:INFO:umask  execution was successful on host uat01-mcb-app.bankmuamalat.co.id
2023-04-10_15-30-14:INFO:output: 0002

2023-04-10_15-30-14:INFO:error-stream: 
2023-04-10_15-30-14:INFO:exit-code: 0
2023-04-10_15-30-14:INFO:Owner Umask:7
2023-04-10_15-30-14:INFO:Umask is of correct format 0xx 2
2023-04-10_15-30-14:INFO:Checking for umask on target nodes : PASSED
2023-04-10_15-30-14:INFO:RESULT 0
2023-04-10_15-30-14:INFO:====CALLING ACTIONdoUmaskCheck
2023-04-10_15-30-14:INFO:action:RemoteTmpCheckperform:true
2023-04-10_15-30-14:INFO:===Validation===: Remote TMP Existence and Writability Check
2023-04-10_15-30-14:INFO:Temp Dir in isRemoteTmpExistsAndWritable:/tmp
2023-04-10_15-30-14:INFO:isRemoteTmpExistsAndWritable:remotePathPropertiesLoc:/oracle/app/oracle/middleware/oui/prov/resources Platform id:226
2023-04-10_15-30-14:INFO:Calling formFileTestCmd with tmpDir:/tmp
2023-04-10_15-30-14:INFO:Checking if dir /tmp exists on uat01-mcb-app.bankmuamalat.co.id
2023-04-10_15-30-14:INFO:Running cmd /bin/sh -c 'if [ -d /tmp ] ; then exit 0; else exit 1; fi' on node uat01-mcb-app.bankmuamalat.co.id
2023-04-10_15-30-14:INFO:Action description Execution of command /bin/sh -c 'if [ -d /tmp ] ; then exit 0; else exit 1; fi'  on host uat01-mcb-app.bankmuamalat.co.id
2023-04-10_15-30-14:INFO:Attempt :1 pty required false  with no inputs
2023-04-10_15-30-16:INFO:/bin/sh -c 'if [ -d /tmp ] ; then exit 0; else exit 1; fi' execution was successful on host uat01-mcb-app.bankmuamalat.co.id
2023-04-10_15-30-16:INFO:output: 
2023-04-10_15-30-16:INFO:error-stream: 
2023-04-10_15-30-16:INFO:exit-code: 0
2023-04-10_15-30-16:INFO:Success /tmp exists on uat01-mcb-app.bankmuamalat.co.id
2023-04-10_15-30-16:INFO:Running cmd /bin/sh -c 'if [ -w /tmp ] ; then exit 0; else exit 1; fi' on node uat01-mcb-app.bankmuamalat.co.id
2023-04-10_15-30-16:INFO:Action description Execution of command /bin/sh -c 'if [ -w /tmp ] ; then exit 0; else exit 1; fi'  on host uat01-mcb-app.bankmuamalat.co.id
2023-04-10_15-30-16:INFO:Attempt :1 pty required false  with no inputs
2023-04-10_15-30-17:INFO:/bin/sh -c 'if [ -w /tmp ] ; then exit 0; else exit 1; fi' execution was successful on host uat01-mcb-app.bankmuamalat.co.id
2023-04-10_15-30-17:INFO:output: 
2023-04-10_15-30-17:INFO:error-stream: 
2023-04-10_15-30-17:INFO:exit-code: 0
2023-04-10_15-30-17:INFO:Success :/tmp writable on uat01-mcb-app.bankmuamalat.co.id
2023-04-10_15-30-17:INFO:Remote TMP Existence and Writability Check : PASSED
2023-04-10_15-30-17:INFO:RESULT 0
2023-04-10_15-30-17:INFO:====CALLING ACTIONdoRemoteTmpCheck
2023-04-10_15-30-17:INFO:action:OSCompatibilityCheckperform:true
2023-04-10_15-30-17:INFO:===Validation===: Checking OS Compatibility
2023-04-10_15-30-17:INFO:NODES=uat01-mcb-app.bankmuamalat.co.id
2023-04-10_15-30-17:INFO:Running cmd /bin/uname on node uat01-mcb-app.bankmuamalat.co.id
2023-04-10_15-30-17:INFO:Action description Execution of command /bin/uname  on host uat01-mcb-app.bankmuamalat.co.id
2023-04-10_15-30-17:INFO:Attempt :1 pty required false  with no inputs
2023-04-10_15-30-18:INFO:/bin/uname execution was successful on host uat01-mcb-app.bankmuamalat.co.id
2023-04-10_15-30-18:INFO:output: Linux

2023-04-10_15-30-18:INFO:error-stream: 
2023-04-10_15-30-18:INFO:exit-code: 0
2023-04-10_15-30-18:INFO:Running cmd /usr/bin/getconf LONG_BIT on node uat01-mcb-app.bankmuamalat.co.id
2023-04-10_15-30-18:INFO:Action description Execution of command /usr/bin/getconf LONG_BIT  on host uat01-mcb-app.bankmuamalat.co.id
2023-04-10_15-30-18:INFO:Attempt :1 pty required false  with no inputs
2023-04-10_15-30-20:INFO:/usr/bin/getconf LONG_BIT execution was successful on host uat01-mcb-app.bankmuamalat.co.id
2023-04-10_15-30-20:INFO:output: 64

2023-04-10_15-30-20:INFO:error-stream: 
2023-04-10_15-30-20:INFO:exit-code: 0
2023-04-10_15-30-20:INFO:You are attempting to install 64-bit Agent Software on a 64-bit operating system.
2023-04-10_15-30-20:INFO:Checking OS Compatibility : PASSED
2023-04-10_15-30-20:INFO:RESULT 0
2023-04-10_15-30-20:INFO:====CALLING ACTIONdoOSCompatibilityCheck
2023-04-10_15-30-20:INFO:action:CloneSourceAgentCompatibleCheckperform:true
2023-04-10_15-30-20:INFO:Skipping doCloneSourceAgentCompatibleCheck since this is not a clone install 
2023-04-10_15-30-20:INFO:RESULT 0
2023-04-10_15-30-20:INFO:====CALLING ACTIONdoCloneSourceAgentCompatibleCheck
2023-04-10_15-30-20:INFO:action:AdditionalParametersCheckperform:true
2023-04-10_15-30-20:INFO: ===VALIDATION===:Checking if the Additional Parameters are valid
2023-04-10_15-30-20:INFO:Additional parameters not passed so skipping validation
2023-04-10_15-30-20:INFO:RESULT 0
2023-04-10_15-30-20:INFO:====CALLING ACTIONdoAdditionalParametersCheck
2023-04-10_15-30-20:INFO:action:ScpCheckperform:true
2023-04-10_15-30-20:INFO:===Validation===: Checking if SCP has execute permissions.
2023-04-10_15-30-20:INFO:isRemotePathsExist:remotePathPropertiesLoc:/oracle/app/oracle/middleware/oui/prov/resources Platform id:226
2023-04-10_15-30-21:INFO:Checking if file /usr/bin/scp has execute permission on uat01-mcb-app.bankmuamalat.co.id
2023-04-10_15-30-21:INFO:Running cmd /bin/sh -c 'if [ -x /usr/bin/scp ] ; then exit 0; else exit 1; fi' on node uat01-mcb-app.bankmuamalat.co.id
2023-04-10_15-30-21:INFO:Action description Execution of command /bin/sh -c 'if [ -x /usr/bin/scp ] ; then exit 0; else exit 1; fi'  on host uat01-mcb-app.bankmuamalat.co.id
2023-04-10_15-30-21:INFO:Attempt :1 pty required false  with no inputs
2023-04-10_15-30-22:INFO:/bin/sh -c 'if [ -x /usr/bin/scp ] ; then exit 0; else exit 1; fi' execution was successful on host uat01-mcb-app.bankmuamalat.co.id
2023-04-10_15-30-22:INFO:output: 
2023-04-10_15-30-22:INFO:error-stream: 
2023-04-10_15-30-22:INFO:exit-code: 0
2023-04-10_15-30-22:INFO:Checking Remote Paths on target nodes : PASSED
2023-04-10_15-30-22:INFO:RESULT 0
2023-04-10_15-30-22:INFO:====CALLING ACTIONdoScpCheck
2023-04-10_15-30-22:INFO:done executing the action: SSHValidations on node: uat01-mcb-app.bankmuamalat.co.id
2023-04-10_15-30-22:INFO:action: SSHValidations is SUCCESS
2023-04-10_15-30-22:INFO:updating status SUCCESS for action name SSHValidations with key: SSHValidations
2023-04-10_15-30-22:INFO:==SUDO EXISTS false SUDO PRIV false
2023-04-10_15-30-22:INFO:====CALLING ACTIONdoCopyAgentImage
2023-04-10_15-30-22:INFO:updating status IN_PROGRESS for action name CopyAgentImage with key: CopyAgentImage
2023-04-10_15-30-22:INFO:===Validation===: Checking OPC Host Name
2023-04-10_15-30-22:INFO:Skipping OPC check for normal em agent deployment.
2023-04-10_15-30-22:INFO:Action description Execution of command /bin/sh -c '/bin/mkdir -p /app/em13c'  on host uat01-mcb-app.bankmuamalat.co.id
2023-04-10_15-30-22:INFO:Attempt :1 pty required false  with no inputs
2023-04-10_15-30-23:INFO:/bin/sh -c '/bin/mkdir -p /app/em13c' execution was successful on host uat01-mcb-app.bankmuamalat.co.id
2023-04-10_15-30-23:INFO:output: 
2023-04-10_15-30-23:INFO:error-stream: 
2023-04-10_15-30-23:INFO:exit-code: 0
2023-04-10_15-30-23:INFO:Action description Execution of command /bin/sh -c '/bin/mkdir -p /app/em13c/ADATMP_2023-04-10_15-27-24-PM'  on host uat01-mcb-app.bankmuamalat.co.id
2023-04-10_15-30-23:INFO:Attempt :1 pty required false  with no inputs
2023-04-10_15-30-24:INFO:/bin/sh -c '/bin/mkdir -p /app/em13c/ADATMP_2023-04-10_15-27-24-PM' execution was successful on host uat01-mcb-app.bankmuamalat.co.id
2023-04-10_15-30-24:INFO:output: 
2023-04-10_15-30-24:INFO:error-stream: 
2023-04-10_15-30-24:INFO:exit-code: 0
2023-04-10_15-30-24:INFO:unzip exists on oms home at /oracle/app/oracle/gc_inst/em/EMGC_OMS1/sysman/agentpush/2023-04-10_15-27-24-PM/unzipTmp/linux_x64/unzip
2023-04-10_15-30-24:INFO:Action description Execution of command /bin/sh -c '/bin/mkdir -p /app/em13c/ADATMP_2023-04-10_15-27-24-PM/unzipTmp'  on host uat01-mcb-app.bankmuamalat.co.id
2023-04-10_15-30-24:INFO:Attempt :1 pty required false  with no inputs
2023-04-10_15-30-26:INFO:/bin/sh -c '/bin/mkdir -p /app/em13c/ADATMP_2023-04-10_15-27-24-PM/unzipTmp' execution was successful on host uat01-mcb-app.bankmuamalat.co.id
2023-04-10_15-30-26:INFO:output: 
2023-04-10_15-30-26:INFO:error-stream: 
2023-04-10_15-30-26:INFO:exit-code: 0
2023-04-10_15-30-26:INFO:Copying file /oracle/app/oracle/gc_inst/em/EMGC_OMS1/sysman/agentpush/2023-04-10_15-27-24-PM/unzipTmp/linux_x64/unzip on the OMS to /app/em13c/ADATMP_2023-04-10_15-27-24-PM/unzipTmp on host uat01-mcb-app.bankmuamalat.co.id Attempt 1
2023-04-10_15-30-26:INFO:Action description Execution of command /bin/sh -c '/bin/chmod 755 /app/em13c/ADATMP_2023-04-10_15-27-24-PM/unzipTmp/unzip'  on host uat01-mcb-app.bankmuamalat.co.id
2023-04-10_15-30-26:INFO:Attempt :1 pty required false  with no inputs
2023-04-10_15-30-27:INFO:/bin/sh -c '/bin/chmod 755 /app/em13c/ADATMP_2023-04-10_15-27-24-PM/unzipTmp/unzip' execution was successful on host uat01-mcb-app.bankmuamalat.co.id
2023-04-10_15-30-27:INFO:output: 
2023-04-10_15-30-27:INFO:error-stream: 
2023-04-10_15-30-27:INFO:exit-code: 0
2023-04-10_15-30-27:INFO:unzip command to be used in the target hosts is /app/em13c/ADATMP_2023-04-10_15-27-24-PM/unzipTmp/unzip
2023-04-10_15-30-27:INFO:Copying file /oracle/app/oracle/middleware/sysman/agent/13.1.0.0.0_AgentCore_226.zip on the OMS to /app/em13c/ADATMP_2023-04-10_15-27-24-PM on host uat01-mcb-app.bankmuamalat.co.id Attempt 1
2023-04-10_15-30-31:INFO:Action description Execution of command /bin/sh -c '/bin/chmod 755 /app/em13c/ADATMP_2023-04-10_15-27-24-PM/13.1.0.0.0_AgentCore_226.zip'  on host uat01-mcb-app.bankmuamalat.co.id
2023-04-10_15-30-31:INFO:Attempt :1 pty required false  with no inputs
2023-04-10_15-30-32:INFO:/bin/sh -c '/bin/chmod 755 /app/em13c/ADATMP_2023-04-10_15-27-24-PM/13.1.0.0.0_AgentCore_226.zip' execution was successful on host uat01-mcb-app.bankmuamalat.co.id
2023-04-10_15-30-32:INFO:output: 
2023-04-10_15-30-32:INFO:error-stream: 
2023-04-10_15-30-32:INFO:exit-code: 0
2023-04-10_15-30-32:INFO:Copying /oracle/app/oracle/gc_inst/em/EMGC_OMS1/sysman/agentpush/2023-04-10_15-27-24-PM/plugins/linux_x64/13.1.0.0.0_Plugins_226.zip into /app/em13c/ADATMP_2023-04-10_15-27-24-PM
2023-04-10_15-30-32:INFO:Copying file /oracle/app/oracle/gc_inst/em/EMGC_OMS1/sysman/agentpush/2023-04-10_15-27-24-PM/plugins/linux_x64/13.1.0.0.0_Plugins_226.zip on the OMS to /app/em13c/ADATMP_2023-04-10_15-27-24-PM on host uat01-mcb-app.bankmuamalat.co.id Attempt 1
2023-04-10_15-30-32:INFO:Action description Execution of command /bin/sh -c '/bin/chmod 755 /app/em13c/ADATMP_2023-04-10_15-27-24-PM/13.1.0.0.0_Plugins_226.zip'  on host uat01-mcb-app.bankmuamalat.co.id
2023-04-10_15-30-32:INFO:Attempt :1 pty required false  with no inputs
2023-04-10_15-30-34:INFO:/bin/sh -c '/bin/chmod 755 /app/em13c/ADATMP_2023-04-10_15-27-24-PM/13.1.0.0.0_Plugins_226.zip' execution was successful on host uat01-mcb-app.bankmuamalat.co.id
2023-04-10_15-30-34:INFO:output: 
2023-04-10_15-30-34:INFO:error-stream: 
2023-04-10_15-30-34:INFO:exit-code: 0
2023-04-10_15-30-34:INFO:Action description Execution of command /bin/sh -c '/app/em13c/ADATMP_2023-04-10_15-27-24-PM/unzipTmp/unzip -q -o /app/em13c/ADATMP_2023-04-10_15-27-24-PM/13.1.0.0.0_Plugins_226.zip -d /app/em13c/ADATMP_2023-04-10_15-27-24-PM'  on host uat01-mcb-app.bankmuamalat.co.id
2023-04-10_15-30-34:INFO:Attempt :1 pty required false  with no inputs
2023-04-10_15-30-35:INFO:/bin/sh -c '/app/em13c/ADATMP_2023-04-10_15-27-24-PM/unzipTmp/unzip -q -o /app/em13c/ADATMP_2023-04-10_15-27-24-PM/13.1.0.0.0_Plugins_226.zip -d /app/em13c/ADATMP_2023-04-10_15-27-24-PM' execution was successful on host uat01-mcb-app.bankmuamalat.co.id
2023-04-10_15-30-35:INFO:output: 
2023-04-10_15-30-35:INFO:error-stream: 
2023-04-10_15-30-35:INFO:exit-code: 0
2023-04-10_15-30-35:INFO:Action description Execution of command /bin/sh -c '/app/em13c/ADATMP_2023-04-10_15-27-24-PM/unzipTmp/unzip -q -o /app/em13c/ADATMP_2023-04-10_15-27-24-PM/13.1.0.0.0_AgentCore_226.zip -d /app/em13c/ADATMP_2023-04-10_15-27-24-PM'  on host uat01-mcb-app.bankmuamalat.co.id
2023-04-10_15-30-35:INFO:Attempt :1 pty required false  with no inputs
2023-04-10_15-30-39:INFO:/bin/sh -c '/app/em13c/ADATMP_2023-04-10_15-27-24-PM/unzipTmp/unzip -q -o /app/em13c/ADATMP_2023-04-10_15-27-24-PM/13.1.0.0.0_AgentCore_226.zip -d /app/em13c/ADATMP_2023-04-10_15-27-24-PM' execution was successful on host uat01-mcb-app.bankmuamalat.co.id
2023-04-10_15-30-39:INFO:output: 
2023-04-10_15-30-39:INFO:error-stream: 
2023-04-10_15-30-39:INFO:exit-code: 0
2023-04-10_15-30-39:INFO:Action description Execution of command /bin/sh -c '/app/em13c/ADATMP_2023-04-10_15-27-24-PM/unzipTmp/unzip -q -o /app/em13c/ADATMP_2023-04-10_15-27-24-PM/13.1.0.0.0_AgentCore_226.zip -d /app/em13c/ADATMP_2023-04-10_15-27-24-PM'  on host uat01-mcb-app.bankmuamalat.co.id
2023-04-10_15-30-39:INFO:Attempt :1 pty required false  with no inputs
2023-04-10_15-30-42:INFO:/bin/sh -c '/app/em13c/ADATMP_2023-04-10_15-27-24-PM/unzipTmp/unzip -q -o /app/em13c/ADATMP_2023-04-10_15-27-24-PM/13.1.0.0.0_AgentCore_226.zip -d /app/em13c/ADATMP_2023-04-10_15-27-24-PM' execution was successful on host uat01-mcb-app.bankmuamalat.co.id
2023-04-10_15-30-42:INFO:output: 
2023-04-10_15-30-42:INFO:error-stream: 
2023-04-10_15-30-42:INFO:exit-code: 0
2023-04-10_15-30-42:INFO: Files to do chmod are :/app/em13c/ADATMP_2023-04-10_15-27-24-PM/unzip /app/em13c/ADATMP_2023-04-10_15-27-24-PM/agentDeploy.sh /app/em13c/ADATMP_2023-04-10_15-27-24-PM/agentcore.bin
2023-04-10_15-30-42:INFO:Action description Execution of command /bin/sh -c '/bin/chmod 755 /app/em13c/ADATMP_2023-04-10_15-27-24-PM/unzip /app/em13c/ADATMP_2023-04-10_15-27-24-PM/agentDeploy.sh /app/em13c/ADATMP_2023-04-10_15-27-24-PM/agentcore.bin'  on host uat01-mcb-app.bankmuamalat.co.id
2023-04-10_15-30-42:INFO:Attempt :1 pty required false  with no inputs
2023-04-10_15-30-44:INFO:/bin/sh -c '/bin/chmod 755 /app/em13c/ADATMP_2023-04-10_15-27-24-PM/unzip /app/em13c/ADATMP_2023-04-10_15-27-24-PM/agentDeploy.sh /app/em13c/ADATMP_2023-04-10_15-27-24-PM/agentcore.bin' execution was successful on host uat01-mcb-app.bankmuamalat.co.id
2023-04-10_15-30-44:INFO:output: 
2023-04-10_15-30-44:INFO:error-stream: 
2023-04-10_15-30-44:INFO:exit-code: 0
2023-04-10_15-30-44:INFO:Action description Execution of command /bin/sh -c '/bin/rm -f /app/em13c/ADATMP_2023-04-10_15-27-24-PM/13.1.0.0.0_AgentCore_226.zip'  on host uat01-mcb-app.bankmuamalat.co.id
2023-04-10_15-30-44:INFO:Attempt :1 pty required false  with no inputs
2023-04-10_15-30-45:INFO:/bin/sh -c '/bin/rm -f /app/em13c/ADATMP_2023-04-10_15-27-24-PM/13.1.0.0.0_AgentCore_226.zip' execution was successful on host uat01-mcb-app.bankmuamalat.co.id
2023-04-10_15-30-45:INFO:output: 
2023-04-10_15-30-45:INFO:error-stream: 
2023-04-10_15-30-45:INFO:exit-code: 0
2023-04-10_15-30-45:INFO:InitializationDeployer Shutting down RI
2023-04-10_15-30-45:INFO:done executing the action: CopyAgentImage on node: uat01-mcb-app.bankmuamalat.co.id
2023-04-10_15-30-45:INFO:action: CopyAgentImage is SUCCESS
2023-04-10_15-30-45:INFO:updating status SUCCESS for action name CopyAgentImage with key: CopyAgentImage
2023-04-10_15-30-45:INFO:TIME TAKEN for Initialization on host uat01-mcb-app.bankmuamalat.co.id is 0: hrs 1: mins 1 sec
2023-04-10_15-30-45:INFO:PERF:HOSTNAME:uat01-mcb-app.bankmuamalat.co.id:InitializationDeployer_EXECUTION_TIME:61718
2023-04-10_15-30-45:INFO:HOST:uat01-mcb-app.bankmuamalat.co.id
2023-04-10_15-30-45:INFO:Destroying Logger
2023-04-10_15-30-45:INFO:======================================Initialization END ====================================
2023-04-10_15-30-45:INFO:Clearing EMSecurityContext EMExecutionContext in BaseDeployerOps
2023-04-10_15-30-45:INFO:======================================Remote Prereq Checker START ====================================
2023-04-10_15-30-45:INFO:Creating instance of ClusterBase Ops for hostnameuat01-mcb-app.bankmuamalat.co.id
2023-04-10_15-30-46:INFO:Retry Count 5 sleep interval 250
2023-04-10_15-30-46:INFO:Setting security contextSYSMAN
2023-04-10_15-30-46:INFO:Setting locale succeeded in BaseDeployerOps
2023-04-10_15-30-46:INFO:[action name=RemotePrereq, action Description=Remote Prerequisite Checks, order=100, skip=false, executeAlways=false, status=null, 

2023-04-10_15-30-46:INFO: ACTIONS : RemotePrereq
2023-04-10_15-30-46:INFO:============Creating Deployment Vo for key : RemotePrerequisteCheck and setting status as NOT_EXECUTED
2023-04-10_15-30-46:INFO:=====Creating Action Vo for actionRemotePrereq
2023-04-10_15-30-46:INFO:deploymentVo has now status: NOT_EXECUTED
2023-04-10_15-30-46:INFO:Entered generateDeploymentContextXml
2023-04-10_15-30-46:INFO:prereqXmlHostDir /oracle/app/oracle/gc_inst/em/EMGC_OMS1/sysman/agentpush/2023-04-10_15-27-24-PM/prereqxmls/uat01-mcb-app.bankmuamalat.co.id
2023-04-10_15-30-46:INFO:Creating hostname directory in prereqxml for hostnameuat01-mcb-app.bankmuamalat.co.id
2023-04-10_15-30-46:INFO:Directory name : /oracle/app/oracle/gc_inst/em/EMGC_OMS1/sysman/agentpush/2023-04-10_15-27-24-PM/prereqxmls/uat01-mcb-app.bankmuamalat.co.id
2023-04-10_15-30-46:INFO:context_xml_file = /oracle/app/oracle/gc_inst/em/EMGC_OMS1/sysman/agentpush/2023-04-10_15-27-24-PM/prereqxmls/uat01-mcb-app.bankmuamalat.co.id/agent_prereq_context.xml
2023-04-10_15-30-46:INFO:generating context xml file: /oracle/app/oracle/gc_inst/em/EMGC_OMS1/sysman/agentpush/2023-04-10_15-27-24-PM/prereqxmls/uat01-mcb-app.bankmuamalat.co.id/agent_prereq_context.xml
2023-04-10_15-30-46:INFO:==SUDO EXISTS false SUDO PRIV false
2023-04-10_15-30-46:INFO:====CALLING ACTIONdoRemotePrereq
2023-04-10_15-30-46:INFO:updating status IN_PROGRESS for action name RemotePrereq with key: RemotePrereq
2023-04-10_15-30-46:INFO:Action description Execution of command /bin/sh -c '/bin/mkdir -p /app/em13c/ADATMP_2023-04-10_15-27-24-PM/prereq_stage'  on host uat01-mcb-app.bankmuamalat.co.id
2023-04-10_15-30-46:INFO:Attempt :1 pty required false  with no inputs
2023-04-10_15-30-47:INFO:/bin/sh -c '/bin/mkdir -p /app/em13c/ADATMP_2023-04-10_15-27-24-PM/prereq_stage' execution was successful on host uat01-mcb-app.bankmuamalat.co.id
2023-04-10_15-30-47:INFO:output: 
2023-04-10_15-30-47:INFO:error-stream: 
2023-04-10_15-30-47:INFO:exit-code: 0
2023-04-10_15-30-47:INFO:Action description Execution of command /bin/sh -c '/bin/mkdir -p /app/em13c/ADATMP_2023-04-10_15-27-24-PM/prereqlogs'  on host uat01-mcb-app.bankmuamalat.co.id
2023-04-10_15-30-47:INFO:Attempt :1 pty required false  with no inputs
2023-04-10_15-30-49:INFO:/bin/sh -c '/bin/mkdir -p /app/em13c/ADATMP_2023-04-10_15-27-24-PM/prereqlogs' execution was successful on host uat01-mcb-app.bankmuamalat.co.id
2023-04-10_15-30-49:INFO:output: 
2023-04-10_15-30-49:INFO:error-stream: 
2023-04-10_15-30-49:INFO:exit-code: 0
2023-04-10_15-30-49:INFO:Action description Execution of command /bin/sh -c '/bin/chmod 755 /app/em13c/ADATMP_2023-04-10_15-27-24-PM/agentcore.bin'  on host uat01-mcb-app.bankmuamalat.co.id
2023-04-10_15-30-49:INFO:Attempt :1 pty required false  with no inputs
2023-04-10_15-30-50:INFO:/bin/sh -c '/bin/chmod 755 /app/em13c/ADATMP_2023-04-10_15-27-24-PM/agentcore.bin' execution was successful on host uat01-mcb-app.bankmuamalat.co.id
2023-04-10_15-30-50:INFO:output: 
2023-04-10_15-30-50:INFO:error-stream: 
2023-04-10_15-30-50:INFO:exit-code: 0
2023-04-10_15-30-50:INFO:STAGE LOC :/app/em13c/ADATMP_2023-04-10_15-27-24-PM
2023-04-10_15-30-50:INFO:Action description Execution of command /bin/sh -c '/bin/chmod 755 /app/em13c/ADATMP_2023-04-10_15-27-24-PM/agentcore.bin'  on host uat01-mcb-app.bankmuamalat.co.id
2023-04-10_15-30-50:INFO:Attempt :1 pty required false  with no inputs
2023-04-10_15-30-51:INFO:/bin/sh -c '/bin/chmod 755 /app/em13c/ADATMP_2023-04-10_15-27-24-PM/agentcore.bin' execution was successful on host uat01-mcb-app.bankmuamalat.co.id
2023-04-10_15-30-51:INFO:output: 
2023-04-10_15-30-51:INFO:error-stream: 
2023-04-10_15-30-51:INFO:exit-code: 0
2023-04-10_15-30-51:INFO:destination location:/app/em13c/ADATMP_2023-04-10_15-27-24-PM
2023-04-10_15-30-51:INFO:sourceFileLocation:/oracle/app/oracle/middleware/install/oneoffs/13.1.0.0.0/linux_x64/prereqs.zip
2023-04-10_15-30-51:INFO:one off source /oracle/app/oracle/middleware/install/oneoffs/13.1.0.0.0/linux_x64/prereqs.zip does not exist
2023-04-10_15-30-51:INFO:one off source /oracle/app/oracle/middleware/install/oneoffs/13.1.0.0.0/linux_x64/prereqs.zip does not exist
2023-04-10_15-30-51:INFO:prereq config location:/app/em13c/ADATMP_2023-04-10_15-27-24-PM/prereqs
2023-04-10_15-30-51:INFO: return prereq_config_location:null
2023-04-10_15-30-51:INFO:prereq_config is :null
2023-04-10_15-30-51:INFO:Skipping ip address check on hostnames
2023-04-10_15-30-51:INFO:Passing AGENT BASE DIRECTORY /app/em13c
2023-04-10_15-30-51:INFO:Action description Execution of command /bin/sh -c 'ABD=/app/em13c;$ABD/ADATMP_2023-04-10_15-27-24-PM/agentcore.bin -prereqChecker -silent -ignoreSysPrereqs -rscratchPath $ABD/ADATMP_2023-04-10_15-27-24-PM/prereqlogs -entryPoint oracle.sysman.top.agent_Complete -nowait -noconsole -J-DORACLE_HOSTNAME=uat01-mcb-app.bankmuamalat.co.id -J-DAGENT_PORT=3872 -J-DALLOW_IPADDRESS=true -J-DAGENT_BASE_DIR=$ABD -J-DSTAGE_LOCATION=$ABD/ADATMP_2023-04-10_15-27-24-PM/prereq_stage -J-DUSER_NAME=oracle -J-DRUN_AS=null -J-DORACLE_HOME=$ABD/agent_13.1.0.0.0'  on host uat01-mcb-app.bankmuamalat.co.id
2023-04-10_15-30-51:INFO:Attempt :1 pty required false  with no inputs
2023-04-10_15-31-05:INFO:/bin/sh -c 'ABD=/app/em13c;$ABD/ADATMP_2023-04-10_15-27-24-PM/agentcore.bin -prereqChecker -silent -ignoreSysPrereqs -rscratchPath $ABD/ADATMP_2023-04-10_15-27-24-PM/prereqlogs -entryPoint oracle.sysman.top.agent_Complete -nowait -noconsole -J-DORACLE_HOSTNAME=uat01-mcb-app.bankmuamalat.co.id -J-DAGENT_PORT=3872 -J-DALLOW_IPADDRESS=true -J-DAGENT_BASE_DIR=$ABD -J-DSTAGE_LOCATION=$ABD/ADATMP_2023-04-10_15-27-24-PM/prereq_stage -J-DUSER_NAME=oracle -J-DRUN_AS=null -J-DORACLE_HOME=$ABD/agent_13.1.0.0.0' execution was successful on host uat01-mcb-app.bankmuamalat.co.id
2023-04-10_15-31-05:INFO:exit-code: 0
2023-04-10_15-31-05:INFO:Action description Execution of command /bin/sh -c '(cd /app/em13c/ADATMP_2023-04-10_15-27-24-PM/prereqlogs && /app/em13c/ADATMP_2023-04-10_15-27-24-PM/zip -q -r /tmp/remoteArchivesuat01-mcb-app.bankmuamalat.co.id2023-04-10_03-31-05-PM.zip * -x oui/**\* OPatch/**\* oracle_common/**\*)'  on host uat01-mcb-app.bankmuamalat.co.id
2023-04-10_15-31-05:INFO:Attempt :1 pty required false  with no inputs
2023-04-10_15-31-07:INFO:/bin/sh -c '(cd /app/em13c/ADATMP_2023-04-10_15-27-24-PM/prereqlogs && /app/em13c/ADATMP_2023-04-10_15-27-24-PM/zip -q -r /tmp/remoteArchivesuat01-mcb-app.bankmuamalat.co.id2023-04-10_03-31-05-PM.zip * -x oui/**\* OPatch/**\* oracle_common/**\*)' execution was successful on host uat01-mcb-app.bankmuamalat.co.id
2023-04-10_15-31-07:INFO:output: 
2023-04-10_15-31-07:INFO:error-stream: 
2023-04-10_15-31-07:INFO:exit-code: 0
2023-04-10_15-31-07:INFO:Action description Copying file /tmp/remoteArchivesuat01-mcb-app.bankmuamalat.co.id2023-04-10_03-31-05-PM.zip from host uat01-mcb-app.bankmuamalat.co.id to /oracle/app/oracle/gc_inst/em/EMGC_OMS1/sysman/agentpush/2023-04-10_15-27-24-PM/localArchivesuat01-mcb-app.bankmuamalat.co.id2023-04-10_03-31-05-PM.zip on the OMS Attempt 1
2023-04-10_15-31-07:INFO:ACTION :Execution of command /oracle/app/oracle/middleware/bin/unzip -q -o -d /oracle/app/oracle/gc_inst/em/EMGC_OMS1/sysman/agentpush/2023-04-10_15-27-24-PM/prereqlogs/productprereq_logs/uat01-mcb-app.bankmuamalat.co.id /oracle/app/oracle/gc_inst/em/EMGC_OMS1/sysman/agentpush/2023-04-10_15-27-24-PM/localArchivesuat01-mcb-app.bankmuamalat.co.id2023-04-10_03-31-05-PM.zip on the OMS host
2023-04-10_15-31-07:INFO:Nodelocalhost
2023-04-10_15-31-07:INFO:OUT:
2023-04-10_15-31-07:INFO:ERR:null
2023-04-10_15-31-07:INFO:exit:0
2023-04-10_15-31-07:INFO:STATUS:0
2023-04-10_15-31-07:INFO:Action description Execution of command /bin/sh -c '/bin/rm -f /tmp/remoteArchivesuat01-mcb-app.bankmuamalat.co.id2023-04-10_03-31-05-PM.zip'  on host uat01-mcb-app.bankmuamalat.co.id
2023-04-10_15-31-07:INFO:Attempt :1 pty required false  with no inputs
2023-04-10_15-31-08:INFO:/bin/sh -c '/bin/rm -f /tmp/remoteArchivesuat01-mcb-app.bankmuamalat.co.id2023-04-10_03-31-05-PM.zip' execution was successful on host uat01-mcb-app.bankmuamalat.co.id
2023-04-10_15-31-08:INFO:output: 
2023-04-10_15-31-08:INFO:error-stream: 
2023-04-10_15-31-08:INFO:exit-code: 0
2023-04-10_15-31-08:INFO:done executing the action: RemotePrereq on node: uat01-mcb-app.bankmuamalat.co.id
2023-04-10_15-31-08:INFO:action: RemotePrereq is SUCCESS
2023-04-10_15-31-08:INFO:updating status SUCCESS for action name RemotePrereq with key: RemotePrereq
2023-04-10_15-31-08:INFO:File Name :/etc/oraInst.loc
2023-04-10_15-31-08:INFO:Running cmd /bin/sh -c 'if [ -f /etc/oraInst.loc ] ; then exit 0; else exit 1; fi' on node uat01-mcb-app.bankmuamalat.co.id
2023-04-10_15-31-08:INFO:Action description Execution of command /bin/sh -c 'if [ -f /etc/oraInst.loc ] ; then exit 0; else exit 1; fi'  on host uat01-mcb-app.bankmuamalat.co.id
2023-04-10_15-31-08:INFO:Attempt :1 pty required false  with no inputs
2023-04-10_15-31-10:INFO:/bin/sh -c 'if [ -f /etc/oraInst.loc ] ; then exit 0; else exit 1; fi' execution failed on host uat01-mcb-app.bankmuamalat.co.id
2023-04-10_15-31-10:INFO: ACTION Execution of command /bin/sh -c 'if [ -f /etc/oraInst.loc ] ; then exit 0; else exit 1; fi'  on host uat01-mcb-app.bankmuamalat.co.id
2023-04-10_15-31-10:INFO: OUT null
2023-04-10_15-31-10:INFO: ERR null
2023-04-10_15-31-10:INFO: EXIT CODE1
2023-04-10_15-31-10:INFO:Printing Exception :CommandException: err: null out: null exitcode: 1
 stacktrace: 
null
	at oracle.sysman.core.agentpush.ui.deployer.DeployerOps.executeCommandOnNodeInteractive(DeployerOps.java:1248)
	at oracle.sysman.core.agentpush.ui.deployer.DeployerOps.executeCommandOnNodeInteractive(DeployerOps.java:1086)
	at oracle.sysman.core.agentpush.ui.deployer.DeployerOps.isFileExistsOnTarget(DeployerOps.java:878)
	at oracle.sysman.core.agentpush.ui.deployer.BaseDeployerOps.getOrainstRootSH(BaseDeployerOps.java:1927)
	at oracle.sysman.core.agentpush.ui.deployer.RemotePrereqChecker.deploy(RemotePrereqChecker.java:96)
	at oracle.sysman.core.agentpush.ui.deployfwk.DeploymentWorker.run(DeploymentWorker.java:26)
	at oracle.sysman.util.threadPoolManager.WorkerThread.run(Worker.java:311)

2023-04-10_15-31-10:INFO:File /etc/oraInst.loc doesn not exist
2023-04-10_15-31-10:INFO: Inventory Pointer /etc/oraInst.loc does not exist
2023-04-10_15-31-10:INFO:File Name :/var/opt/oracle/oraInst.loc
2023-04-10_15-31-10:INFO:Running cmd /bin/sh -c 'if [ -f /var/opt/oracle/oraInst.loc ] ; then exit 0; else exit 1; fi' on node uat01-mcb-app.bankmuamalat.co.id
2023-04-10_15-31-10:INFO:Action description Execution of command /bin/sh -c 'if [ -f /var/opt/oracle/oraInst.loc ] ; then exit 0; else exit 1; fi'  on host uat01-mcb-app.bankmuamalat.co.id
2023-04-10_15-31-10:INFO:Attempt :1 pty required false  with no inputs
2023-04-10_15-31-11:INFO:/bin/sh -c 'if [ -f /var/opt/oracle/oraInst.loc ] ; then exit 0; else exit 1; fi' execution failed on host uat01-mcb-app.bankmuamalat.co.id
2023-04-10_15-31-11:INFO: ACTION Execution of command /bin/sh -c 'if [ -f /var/opt/oracle/oraInst.loc ] ; then exit 0; else exit 1; fi'  on host uat01-mcb-app.bankmuamalat.co.id
2023-04-10_15-31-11:INFO: OUT null
2023-04-10_15-31-11:INFO: ERR null
2023-04-10_15-31-11:INFO: EXIT CODE1
2023-04-10_15-31-11:INFO:Printing Exception :CommandException: err: null out: null exitcode: 1
 stacktrace: 
null
	at oracle.sysman.core.agentpush.ui.deployer.DeployerOps.executeCommandOnNodeInteractive(DeployerOps.java:1248)
	at oracle.sysman.core.agentpush.ui.deployer.DeployerOps.executeCommandOnNodeInteractive(DeployerOps.java:1086)
	at oracle.sysman.core.agentpush.ui.deployer.DeployerOps.isFileExistsOnTarget(DeployerOps.java:878)
	at oracle.sysman.core.agentpush.ui.deployer.BaseDeployerOps.getOrainstRootSH(BaseDeployerOps.java:1927)
	at oracle.sysman.core.agentpush.ui.deployer.RemotePrereqChecker.deploy(RemotePrereqChecker.java:96)
	at oracle.sysman.core.agentpush.ui.deployfwk.DeploymentWorker.run(DeploymentWorker.java:26)
	at oracle.sysman.util.threadPoolManager.WorkerThread.run(Worker.java:311)

2023-04-10_15-31-11:INFO:File /var/opt/oracle/oraInst.loc doesn not exist
2023-04-10_15-31-11:INFO: Inventory Pointer /var/opt/oracle/oraInst.loc does not exist
2023-04-10_15-31-11:INFO:Action description Execution of command /bin/cat /app/em13c/agent_13.1.0.0.0/oraInst.loc  on host uat01-mcb-app.bankmuamalat.co.id
2023-04-10_15-31-11:INFO:Attempt :1 pty required false  with no inputs
2023-04-10_15-31-12:INFO:/bin/cat /app/em13c/agent_13.1.0.0.0/oraInst.loc execution failed on host uat01-mcb-app.bankmuamalat.co.id
2023-04-10_15-31-12:INFO:Unable to retrieve inventory location for the oracle home
2023-04-10_15-31-12:INFO:Return oraInstRoot.sh :
2023-04-10_15-31-12:INFO:resultfile = /oracle/app/oracle/gc_inst/em/EMGC_OMS1/sysman/agentpush/2023-04-10_15-27-24-PM/prereqlogs/productprereq_logs/uat01-mcb-app.bankmuamalat.co.id/results/em_prereqs_results.xml
2023-04-10_15-31-12:INFO:DESCRIPTION:This is a prerequisite condition to test whether the     Oracle software is certified on the current O/S or not. RESULT: PASSED RESULT TEXT: Expected result: One of enterprise-6,oracle-8,oracle-7,SuSE-11,SuSE-12,redhat-6,redhat-7
Actual Result: redhat-7
Check complete. The overall result of this check is: Passed
2023-04-10_15-31-12:INFO:DESCRIPTION:This is a prerequisite condition to test whether the     the minimum required patches are available on the system. RESULT: WARNING RESULT TEXT: Checking for make-3.82-21; found make-1:3.82-24.el7-x86_64.	Passed
Checking for binutils-2.23; found binutils-2.27-44.base.0.1.el7-x86_64.	Passed
Checking for gcc-4.8.2-16; Not found.	Failed <<<<
Checking for libaio-0.3.109-12; found libaio-0.3.109-13.el7-x86_64.	Passed
Checking for glibc-common-2.17-55; found glibc-common-2.17-317.0.1.el7-x86_64.	Passed
Checking for libstdc++-4.8.2-16; found libstdc++-4.8.5-44.0.3.el7-x86_64.	Passed
Checking for sysstat-10.1.5-4; found sysstat-10.1.5-19.el7-x86_64.	Passed
Check complete. The overall result of this check is: Failed <<<<
2023-04-10_15-31-12:INFO:DESCRIPTION:This is a prerequisite condition to test whether the software is compatible for this o/s. RESULT: PASSED RESULT TEXT: Check complete. The overall result of this check is: Passed
2023-04-10_15-31-12:INFO:DESCRIPTION:Checks whether the Inventory Location has at least 100 MB of free disk space. RESULT: PASSED RESULT TEXT: Expected result: 100.0MB
Actual Result: 8810MB
Check complete. The overall result of this check is: Passed
2023-04-10_15-31-12:INFO:DESCRIPTION:Checks whether you have permission to write to the central inventory on the system. RESULT: PASSED RESULT TEXT: Check complete. The overall result of this check is: Passed
2023-04-10_15-31-12:INFO:DESCRIPTION:Checking whether the timezone installed in the machine is supported for the agent startup RESULT: PASSED RESULT TEXT: Check complete. The overall result of this check is: Passed
2023-04-10_15-31-12:INFO:DESCRIPTION:Checking whether the agent base directory is owned by the install user and all the parent directories of the agent base directory is either owned by install user or root user and the root directory is owned by root user. RESULT: PASSED RESULT TEXT: Check complete. The overall result of this check is: Passed
2023-04-10_15-31-12:INFO:DESCRIPTION:Checking for port availability and hostname validity. RESULT: PASSED RESULT TEXT: Expected result: Port 3872 must be available on all IP addresses associated with host uat01-mcb-app.bankmuamalat.co.id.
Actual Result: 3872
Check complete. The overall result of this check is: Passed
2023-04-10_15-31-12:INFO:DESCRIPTION:Checking whether the old oracle home entry is present in the central inventory. RESULT: PASSED RESULT TEXT: Check complete. The overall result of this check is: Passed
2023-04-10_15-31-12:INFO:DESCRIPTION:This is a prerequisite condition to test whether the host name where the installation will be done, is correct or not. RESULT: PASSED RESULT TEXT: Expected result: Fully qualified domain name, for example foo.mydomain.com
Actual Result: uat01-mcb-app.bankmuamalat.co.id. Ensure that you provide a fully qualified domain name.
Check complete. The overall result of this check is: Passed
2023-04-10_15-31-12:INFO:File does not exist
2023-04-10_15-31-12:INFO:isRemotePathsExist:remotePathPropertiesLoc:/oracle/app/oracle/middleware/oui/prov/resources Platform id:226
2023-04-10_15-31-12:INFO:File Name :/usr/bin/sudo
2023-04-10_15-31-12:INFO:Running cmd /bin/sh -c 'if [ -f /usr/bin/sudo ] ; then exit 0; else exit 1; fi' on node uat01-mcb-app.bankmuamalat.co.id
2023-04-10_15-31-12:INFO:Action description Execution of command /bin/sh -c 'if [ -f /usr/bin/sudo ] ; then exit 0; else exit 1; fi'  on host uat01-mcb-app.bankmuamalat.co.id
2023-04-10_15-31-12:INFO:Attempt :1 pty required false  with no inputs
2023-04-10_15-31-13:INFO:/bin/sh -c 'if [ -f /usr/bin/sudo ] ; then exit 0; else exit 1; fi' execution was successful on host uat01-mcb-app.bankmuamalat.co.id
2023-04-10_15-31-13:INFO:output: 
2023-04-10_15-31-13:INFO:error-stream: 
2023-04-10_15-31-13:INFO:exit-code: 0
2023-04-10_15-31-13:INFO:sudo binary /usr/bin/sudo exists on target nodeuat01-mcb-app.bankmuamalat.co.id
2023-04-10_15-31-13:INFO:sudo binary exists or root creds provided
2023-04-10_15-31-13:INFO:running root scripts as user :oracle
2023-04-10_15-31-13:INFO:Using root utl given by user /usr/bin/sudo -u %RUNAS% %COMMAND%
2023-04-10_15-31-13:INFO:Action description Execution of command /usr/bin/sudo -K  on host uat01-mcb-app.bankmuamalat.co.id
2023-04-10_15-31-13:INFO:Attempt :1 pty required false  with no inputs
2023-04-10_15-31-15:INFO:/usr/bin/sudo -K execution was successful on host uat01-mcb-app.bankmuamalat.co.id
2023-04-10_15-31-15:INFO:output: 
2023-04-10_15-31-15:INFO:error-stream: 
2023-04-10_15-31-15:INFO:exit-code: 0
2023-04-10_15-31-15:INFO:not adding /bin/sh -c  to the root command
2023-04-10_15-31-15:INFO:pdp command without shell out/usr/bin/sudo -u root  id
2023-04-10_15-31-15:INFO:Setting pty flag to true
2023-04-10_15-31-15:INFO:Action description Execution of command /usr/bin/sudo -u root  id  on host uat01-mcb-app.bankmuamalat.co.id
2023-04-10_15-31-15:INFO:Attempt :1 pty required true  with inputs
2023-04-10_15-31-17:INFO:/usr/bin/sudo -u root  id execution was successful on host uat01-mcb-app.bankmuamalat.co.id
2023-04-10_15-31-17:INFO:output: [sudo] password for *****: 
uid=0(root) gid=0(root) groups=0(root) context=unconfined_u:unconfined_r:unconfined_t:s0-s0:c0.c1023

2023-04-10_15-31-17:INFO:error-stream: 
2023-04-10_15-31-17:INFO:exit-code: 0
2023-04-10_15-31-17:INFO:Action description Execution of command /usr/bin/sudo -K  on host uat01-mcb-app.bankmuamalat.co.id
2023-04-10_15-31-17:INFO:Attempt :1 pty required false  with no inputs
2023-04-10_15-31-18:INFO:/usr/bin/sudo -K execution was successful on host uat01-mcb-app.bankmuamalat.co.id
2023-04-10_15-31-18:INFO:output: 
2023-04-10_15-31-18:INFO:error-stream: 
2023-04-10_15-31-18:INFO:exit-code: 0
2023-04-10_15-31-18:INFO:output of id [sudo] password for *****: 
uid=0(root) gid=0(root) groups=0(root) context=unconfined_u:unconfined_r:unconfined_t:s0-s0:c0.c1023

2023-04-10_15-31-18:INFO:User oracle has sudo privileges on host uat01-mcb-app.bankmuamalat.co.id
2023-04-10_15-31-18:INFO:==USER has sudo privileges===
2023-04-10_15-31-18:INFO:PASSED:Is the software certified on the current operating system? = PASSED
2023-04-10_15-31-18:INFO:WARNING:Are the required packages installed on the current operating system? = WARNING
2023-04-10_15-31-18:INFO:PASSED:Is the software compatible with the current operating system? = PASSED
2023-04-10_15-31-18:INFO:PASSED:Checking for sufficient disk space in the Inventory Location = PASSED
2023-04-10_15-31-18:INFO:PASSED:Checking for write permissions on the inventory. = PASSED
2023-04-10_15-31-18:INFO:PASSED:Checking TimeZone settings... = PASSED
2023-04-10_15-31-18:INFO:PASSED:Checking Agent Base Directory Ownership... = PASSED
2023-04-10_15-31-18:INFO:PASSED:Checking for port availability and hostname validity... = PASSED
2023-04-10_15-31-18:INFO:PASSED:Checking old Oracle Home existence in the inventory... = PASSED
2023-04-10_15-31-18:INFO:PASSED:Is the host name valid? = PASSED
2023-04-10_15-31-18:INFO:PASSED:Does the Privilege Delegation tool exist on the remote host? = PASSED
2023-04-10_15-31-18:INFO:PASSED:Do you have the privileges to run as root using the Privilege Delegation tool? = PASSED
2023-04-10_15-31-18:INFO:TIME TAKEN for RemotePrerequisites on host uat01-mcb-app.bankmuamalat.co.id is 0: hrs 0: mins 33 sec
2023-04-10_15-31-18:INFO:PERF:HOSTNAME:uat01-mcb-app.bankmuamalat.co.id:RemotePrereqChecker_EXECUTION_TIME:33027
2023-04-10_15-31-18:INFO:HOST:uat01-mcb-app.bankmuamalat.co.id
2023-04-10_15-31-18:INFO:Destroying Logger
2023-04-10_15-31-18:INFO:======================================Remote Prereq Checker END ====================================
2023-04-10_15-31-18:INFO:Clearing EMSecurityContext EMExecutionContext in BaseDeployerOps
2023-04-10_16-43-13:INFO:======================================Remote Prereq Checker START ====================================
2023-04-10_16-43-13:INFO:Creating instance of ClusterBase Ops for hostnameuat01-mcb-app.bankmuamalat.co.id
2023-04-10_16-43-14:INFO:Retry Count 5 sleep interval 250
2023-04-10_16-43-14:INFO:Setting security contextSYSMAN
2023-04-10_16-43-14:INFO:Setting locale succeeded in BaseDeployerOps
2023-04-10_16-43-14:INFO:[action name=RemotePrereq, action Description=Remote Prerequisite Checks, order=100, skip=false, executeAlways=false, status=null, 

2023-04-10_16-43-14:INFO: ACTIONS : RemotePrereq
2023-04-10_16-43-14:INFO:============Creating Deployment Vo for key : RemotePrerequisteCheck and setting status as NOT_EXECUTED
2023-04-10_16-43-14:INFO:=====Creating Action Vo for actionRemotePrereq
2023-04-10_16-43-14:INFO:deploymentVo has now status: NOT_EXECUTED
2023-04-10_16-43-14:INFO:Entered generateDeploymentContextXml
2023-04-10_16-43-14:INFO:prereqXmlHostDir /oracle/app/oracle/gc_inst/em/EMGC_OMS1/sysman/agentpush/2023-04-10_15-27-24-PM/prereqxmls/uat01-mcb-app.bankmuamalat.co.id
2023-04-10_16-43-14:INFO:Creating hostname directory in prereqxml for hostnameuat01-mcb-app.bankmuamalat.co.id
2023-04-10_16-43-14:INFO:Directory name : /oracle/app/oracle/gc_inst/em/EMGC_OMS1/sysman/agentpush/2023-04-10_15-27-24-PM/prereqxmls/uat01-mcb-app.bankmuamalat.co.id
2023-04-10_16-43-14:INFO:context_xml_file = /oracle/app/oracle/gc_inst/em/EMGC_OMS1/sysman/agentpush/2023-04-10_15-27-24-PM/prereqxmls/uat01-mcb-app.bankmuamalat.co.id/agent_prereq_context.xml
2023-04-10_16-43-14:INFO:the context xml file exists, but still will be regenerated as it may be a retry case
2023-04-10_16-43-14:INFO:generating context xml file: /oracle/app/oracle/gc_inst/em/EMGC_OMS1/sysman/agentpush/2023-04-10_15-27-24-PM/prereqxmls/uat01-mcb-app.bankmuamalat.co.id/agent_prereq_context.xml
2023-04-10_16-43-14:INFO:sudo exists value true
2023-04-10_16-43-14:INFO:sudo privilege value true
2023-04-10_16-43-14:INFO:==SUDO EXISTS true SUDO PRIV true
2023-04-10_16-43-14:INFO:====CALLING ACTIONdoRemotePrereq
2023-04-10_16-43-14:INFO:updating status IN_PROGRESS for action name RemotePrereq with key: RemotePrereq
2023-04-10_16-43-14:INFO:Action description Execution of command /bin/sh -c '/bin/mkdir -p /app/em13c/ADATMP_2023-04-10_15-27-24-PM/prereq_stage'  on host uat01-mcb-app.bankmuamalat.co.id
2023-04-10_16-43-14:INFO:Attempt :1 pty required false  with no inputs
2023-04-10_16-43-15:INFO:/bin/sh -c '/bin/mkdir -p /app/em13c/ADATMP_2023-04-10_15-27-24-PM/prereq_stage' execution was successful on host uat01-mcb-app.bankmuamalat.co.id
2023-04-10_16-43-15:INFO:output: 
2023-04-10_16-43-15:INFO:error-stream: 
2023-04-10_16-43-15:INFO:exit-code: 0
2023-04-10_16-43-15:INFO:Action description Execution of command /bin/sh -c '/bin/mkdir -p /app/em13c/ADATMP_2023-04-10_15-27-24-PM/prereqlogs'  on host uat01-mcb-app.bankmuamalat.co.id
2023-04-10_16-43-15:INFO:Attempt :1 pty required false  with no inputs
2023-04-10_16-43-16:INFO:/bin/sh -c '/bin/mkdir -p /app/em13c/ADATMP_2023-04-10_15-27-24-PM/prereqlogs' execution was successful on host uat01-mcb-app.bankmuamalat.co.id
2023-04-10_16-43-16:INFO:output: 
2023-04-10_16-43-16:INFO:error-stream: 
2023-04-10_16-43-16:INFO:exit-code: 0
2023-04-10_16-43-16:INFO:Action description Execution of command /bin/sh -c '/bin/chmod 755 /app/em13c/ADATMP_2023-04-10_15-27-24-PM/agentcore.bin'  on host uat01-mcb-app.bankmuamalat.co.id
2023-04-10_16-43-16:INFO:Attempt :1 pty required false  with no inputs
2023-04-10_16-43-17:INFO:/bin/sh -c '/bin/chmod 755 /app/em13c/ADATMP_2023-04-10_15-27-24-PM/agentcore.bin' execution was successful on host uat01-mcb-app.bankmuamalat.co.id
2023-04-10_16-43-17:INFO:output: 
2023-04-10_16-43-17:INFO:error-stream: 
2023-04-10_16-43-17:INFO:exit-code: 0
2023-04-10_16-43-17:INFO:STAGE LOC :/app/em13c/ADATMP_2023-04-10_15-27-24-PM
2023-04-10_16-43-17:INFO:Action description Execution of command /bin/sh -c '/bin/chmod 755 /app/em13c/ADATMP_2023-04-10_15-27-24-PM/agentcore.bin'  on host uat01-mcb-app.bankmuamalat.co.id
2023-04-10_16-43-17:INFO:Attempt :1 pty required false  with no inputs
2023-04-10_16-43-19:INFO:/bin/sh -c '/bin/chmod 755 /app/em13c/ADATMP_2023-04-10_15-27-24-PM/agentcore.bin' execution was successful on host uat01-mcb-app.bankmuamalat.co.id
2023-04-10_16-43-19:INFO:output: 
2023-04-10_16-43-19:INFO:error-stream: 
2023-04-10_16-43-19:INFO:exit-code: 0
2023-04-10_16-43-19:INFO:destination location:/app/em13c/ADATMP_2023-04-10_15-27-24-PM
2023-04-10_16-43-19:INFO:sourceFileLocation:/oracle/app/oracle/middleware/install/oneoffs/13.1.0.0.0/linux_x64/prereqs.zip
2023-04-10_16-43-19:INFO:one off source /oracle/app/oracle/middleware/install/oneoffs/13.1.0.0.0/linux_x64/prereqs.zip does not exist
2023-04-10_16-43-19:INFO:one off source /oracle/app/oracle/middleware/install/oneoffs/13.1.0.0.0/linux_x64/prereqs.zip does not exist
2023-04-10_16-43-19:INFO:prereq config location:/app/em13c/ADATMP_2023-04-10_15-27-24-PM/prereqs
2023-04-10_16-43-19:INFO: return prereq_config_location:null
2023-04-10_16-43-19:INFO:prereq_config is :null
2023-04-10_16-43-19:INFO:Skipping ip address check on hostnames
2023-04-10_16-43-19:INFO:Passing AGENT BASE DIRECTORY /app/em13c
2023-04-10_16-43-19:INFO:Action description Execution of command /bin/sh -c 'ABD=/app/em13c;$ABD/ADATMP_2023-04-10_15-27-24-PM/agentcore.bin -prereqChecker -silent -ignoreSysPrereqs -rscratchPath $ABD/ADATMP_2023-04-10_15-27-24-PM/prereqlogs -entryPoint oracle.sysman.top.agent_Complete -nowait -noconsole -J-DORACLE_HOSTNAME=uat01-mcb-app.bankmuamalat.co.id -J-DAGENT_PORT=3872 -J-DALLOW_IPADDRESS=true -J-DAGENT_BASE_DIR=$ABD -J-DSTAGE_LOCATION=$ABD/ADATMP_2023-04-10_15-27-24-PM/prereq_stage -J-DUSER_NAME=oracle -J-DRUN_AS=null -J-DORACLE_HOME=$ABD/agent_13.1.0.0.0'  on host uat01-mcb-app.bankmuamalat.co.id
2023-04-10_16-43-19:INFO:Attempt :1 pty required false  with no inputs
2023-04-10_16-43-33:INFO:/bin/sh -c 'ABD=/app/em13c;$ABD/ADATMP_2023-04-10_15-27-24-PM/agentcore.bin -prereqChecker -silent -ignoreSysPrereqs -rscratchPath $ABD/ADATMP_2023-04-10_15-27-24-PM/prereqlogs -entryPoint oracle.sysman.top.agent_Complete -nowait -noconsole -J-DORACLE_HOSTNAME=uat01-mcb-app.bankmuamalat.co.id -J-DAGENT_PORT=3872 -J-DALLOW_IPADDRESS=true -J-DAGENT_BASE_DIR=$ABD -J-DSTAGE_LOCATION=$ABD/ADATMP_2023-04-10_15-27-24-PM/prereq_stage -J-DUSER_NAME=oracle -J-DRUN_AS=null -J-DORACLE_HOME=$ABD/agent_13.1.0.0.0' execution was successful on host uat01-mcb-app.bankmuamalat.co.id
2023-04-10_16-43-33:INFO:exit-code: 0
2023-04-10_16-43-33:INFO:Action description Execution of command /bin/sh -c '(cd /app/em13c/ADATMP_2023-04-10_15-27-24-PM/prereqlogs && /app/em13c/ADATMP_2023-04-10_15-27-24-PM/zip -q -r /tmp/remoteArchivesuat01-mcb-app.bankmuamalat.co.id2023-04-10_04-43-33-PM.zip * -x oui/**\* OPatch/**\* oracle_common/**\*)'  on host uat01-mcb-app.bankmuamalat.co.id
2023-04-10_16-43-33:INFO:Attempt :1 pty required false  with no inputs
2023-04-10_16-43-34:INFO:/bin/sh -c '(cd /app/em13c/ADATMP_2023-04-10_15-27-24-PM/prereqlogs && /app/em13c/ADATMP_2023-04-10_15-27-24-PM/zip -q -r /tmp/remoteArchivesuat01-mcb-app.bankmuamalat.co.id2023-04-10_04-43-33-PM.zip * -x oui/**\* OPatch/**\* oracle_common/**\*)' execution was successful on host uat01-mcb-app.bankmuamalat.co.id
2023-04-10_16-43-34:INFO:output: 
2023-04-10_16-43-34:INFO:error-stream: 
2023-04-10_16-43-34:INFO:exit-code: 0
2023-04-10_16-43-34:INFO:Action description Copying file /tmp/remoteArchivesuat01-mcb-app.bankmuamalat.co.id2023-04-10_04-43-33-PM.zip from host uat01-mcb-app.bankmuamalat.co.id to /oracle/app/oracle/gc_inst/em/EMGC_OMS1/sysman/agentpush/2023-04-10_15-27-24-PM/localArchivesuat01-mcb-app.bankmuamalat.co.id2023-04-10_04-43-33-PM.zip on the OMS Attempt 1
2023-04-10_16-43-35:INFO:ACTION :Execution of command /oracle/app/oracle/middleware/bin/unzip -q -o -d /oracle/app/oracle/gc_inst/em/EMGC_OMS1/sysman/agentpush/2023-04-10_15-27-24-PM/prereqlogs/productprereq_logs/uat01-mcb-app.bankmuamalat.co.id /oracle/app/oracle/gc_inst/em/EMGC_OMS1/sysman/agentpush/2023-04-10_15-27-24-PM/localArchivesuat01-mcb-app.bankmuamalat.co.id2023-04-10_04-43-33-PM.zip on the OMS host
2023-04-10_16-43-35:INFO:Nodelocalhost
2023-04-10_16-43-35:INFO:OUT:
2023-04-10_16-43-35:INFO:ERR:null
2023-04-10_16-43-35:INFO:exit:0
2023-04-10_16-43-35:INFO:STATUS:0
2023-04-10_16-43-35:INFO:Action description Execution of command /bin/sh -c '/bin/rm -f /tmp/remoteArchivesuat01-mcb-app.bankmuamalat.co.id2023-04-10_04-43-33-PM.zip'  on host uat01-mcb-app.bankmuamalat.co.id
2023-04-10_16-43-35:INFO:Attempt :1 pty required false  with no inputs
2023-04-10_16-43-36:INFO:/bin/sh -c '/bin/rm -f /tmp/remoteArchivesuat01-mcb-app.bankmuamalat.co.id2023-04-10_04-43-33-PM.zip' execution was successful on host uat01-mcb-app.bankmuamalat.co.id
2023-04-10_16-43-36:INFO:output: 
2023-04-10_16-43-36:INFO:error-stream: 
2023-04-10_16-43-36:INFO:exit-code: 0
2023-04-10_16-43-36:INFO:done executing the action: RemotePrereq on node: uat01-mcb-app.bankmuamalat.co.id
2023-04-10_16-43-36:INFO:action: RemotePrereq is SUCCESS
2023-04-10_16-43-36:INFO:updating status SUCCESS for action name RemotePrereq with key: RemotePrereq
2023-04-10_16-43-36:INFO:File Name :/etc/oraInst.loc
2023-04-10_16-43-36:INFO:Running cmd /bin/sh -c 'if [ -f /etc/oraInst.loc ] ; then exit 0; else exit 1; fi' on node uat01-mcb-app.bankmuamalat.co.id
2023-04-10_16-43-36:INFO:Action description Execution of command /bin/sh -c 'if [ -f /etc/oraInst.loc ] ; then exit 0; else exit 1; fi'  on host uat01-mcb-app.bankmuamalat.co.id
2023-04-10_16-43-36:INFO:Attempt :1 pty required false  with no inputs
2023-04-10_16-43-37:INFO:/bin/sh -c 'if [ -f /etc/oraInst.loc ] ; then exit 0; else exit 1; fi' execution failed on host uat01-mcb-app.bankmuamalat.co.id
2023-04-10_16-43-37:INFO: ACTION Execution of command /bin/sh -c 'if [ -f /etc/oraInst.loc ] ; then exit 0; else exit 1; fi'  on host uat01-mcb-app.bankmuamalat.co.id
2023-04-10_16-43-37:INFO: OUT null
2023-04-10_16-43-37:INFO: ERR null
2023-04-10_16-43-37:INFO: EXIT CODE1
2023-04-10_16-43-37:INFO:Printing Exception :CommandException: err: null out: null exitcode: 1
 stacktrace: 
null
	at oracle.sysman.core.agentpush.ui.deployer.DeployerOps.executeCommandOnNodeInteractive(DeployerOps.java:1248)
	at oracle.sysman.core.agentpush.ui.deployer.DeployerOps.executeCommandOnNodeInteractive(DeployerOps.java:1086)
	at oracle.sysman.core.agentpush.ui.deployer.DeployerOps.isFileExistsOnTarget(DeployerOps.java:878)
	at oracle.sysman.core.agentpush.ui.deployer.BaseDeployerOps.getOrainstRootSH(BaseDeployerOps.java:1927)
	at oracle.sysman.core.agentpush.ui.deployer.RemotePrereqChecker.deploy(RemotePrereqChecker.java:96)
	at oracle.sysman.core.agentpush.ui.deployfwk.DeploymentWorker.run(DeploymentWorker.java:26)
	at oracle.sysman.util.threadPoolManager.WorkerThread.run(Worker.java:311)

2023-04-10_16-43-37:INFO:File /etc/oraInst.loc doesn not exist
2023-04-10_16-43-37:INFO: Inventory Pointer /etc/oraInst.loc does not exist
2023-04-10_16-43-37:INFO:File Name :/var/opt/oracle/oraInst.loc
2023-04-10_16-43-37:INFO:Running cmd /bin/sh -c 'if [ -f /var/opt/oracle/oraInst.loc ] ; then exit 0; else exit 1; fi' on node uat01-mcb-app.bankmuamalat.co.id
2023-04-10_16-43-37:INFO:Action description Execution of command /bin/sh -c 'if [ -f /var/opt/oracle/oraInst.loc ] ; then exit 0; else exit 1; fi'  on host uat01-mcb-app.bankmuamalat.co.id
2023-04-10_16-43-37:INFO:Attempt :1 pty required false  with no inputs
2023-04-10_16-43-38:INFO:/bin/sh -c 'if [ -f /var/opt/oracle/oraInst.loc ] ; then exit 0; else exit 1; fi' execution failed on host uat01-mcb-app.bankmuamalat.co.id
2023-04-10_16-43-38:INFO: ACTION Execution of command /bin/sh -c 'if [ -f /var/opt/oracle/oraInst.loc ] ; then exit 0; else exit 1; fi'  on host uat01-mcb-app.bankmuamalat.co.id
2023-04-10_16-43-38:INFO: OUT null
2023-04-10_16-43-38:INFO: ERR null
2023-04-10_16-43-38:INFO: EXIT CODE1
2023-04-10_16-43-38:INFO:Printing Exception :CommandException: err: null out: null exitcode: 1
 stacktrace: 
null
	at oracle.sysman.core.agentpush.ui.deployer.DeployerOps.executeCommandOnNodeInteractive(DeployerOps.java:1248)
	at oracle.sysman.core.agentpush.ui.deployer.DeployerOps.executeCommandOnNodeInteractive(DeployerOps.java:1086)
	at oracle.sysman.core.agentpush.ui.deployer.DeployerOps.isFileExistsOnTarget(DeployerOps.java:878)
	at oracle.sysman.core.agentpush.ui.deployer.BaseDeployerOps.getOrainstRootSH(BaseDeployerOps.java:1927)
	at oracle.sysman.core.agentpush.ui.deployer.RemotePrereqChecker.deploy(RemotePrereqChecker.java:96)
	at oracle.sysman.core.agentpush.ui.deployfwk.DeploymentWorker.run(DeploymentWorker.java:26)
	at oracle.sysman.util.threadPoolManager.WorkerThread.run(Worker.java:311)

2023-04-10_16-43-38:INFO:File /var/opt/oracle/oraInst.loc doesn not exist
2023-04-10_16-43-38:INFO: Inventory Pointer /var/opt/oracle/oraInst.loc does not exist
2023-04-10_16-43-38:INFO:Action description Execution of command /bin/cat /app/em13c/agent_13.1.0.0.0/oraInst.loc  on host uat01-mcb-app.bankmuamalat.co.id
2023-04-10_16-43-38:INFO:Attempt :1 pty required false  with no inputs
2023-04-10_16-43-40:INFO:/bin/cat /app/em13c/agent_13.1.0.0.0/oraInst.loc execution failed on host uat01-mcb-app.bankmuamalat.co.id
2023-04-10_16-43-40:INFO:Unable to retrieve inventory location for the oracle home
2023-04-10_16-43-40:INFO:Return oraInstRoot.sh :
2023-04-10_16-43-40:INFO:resultfile = /oracle/app/oracle/gc_inst/em/EMGC_OMS1/sysman/agentpush/2023-04-10_15-27-24-PM/prereqlogs/productprereq_logs/uat01-mcb-app.bankmuamalat.co.id/results/em_prereqs_results.xml
2023-04-10_16-43-40:INFO:DESCRIPTION:This is a prerequisite condition to test whether the     Oracle software is certified on the current O/S or not. RESULT: PASSED RESULT TEXT: Expected result: One of enterprise-6,oracle-8,oracle-7,SuSE-11,SuSE-12,redhat-6,redhat-7
Actual Result: redhat-7
Check complete. The overall result of this check is: Passed
2023-04-10_16-43-40:INFO:DESCRIPTION:This is a prerequisite condition to test whether the     the minimum required patches are available on the system. RESULT: PASSED RESULT TEXT: Checking for make-3.82-21; found make-1:3.82-24.el7-x86_64.	Passed
Checking for binutils-2.23; found binutils-2.27-44.base.0.1.el7-x86_64.	Passed
Checking for gcc-4.8.2-16; found gcc-4.8.5-44.0.3.el7-x86_64.	Passed
Checking for libaio-0.3.109-12; found libaio-0.3.109-13.el7-x86_64.	Passed
Checking for glibc-common-2.17-55; found glibc-common-2.17-326.0.3.el7_9-x86_64.	Passed
Checking for libstdc++-4.8.2-16; found libstdc++-4.8.5-44.0.3.el7-x86_64.	Passed
Checking for sysstat-10.1.5-4; found sysstat-10.1.5-19.el7-x86_64.	Passed
Check complete. The overall result of this check is: Passed
2023-04-10_16-43-40:INFO:DESCRIPTION:This is a prerequisite condition to test whether the software is compatible for this o/s. RESULT: PASSED RESULT TEXT: Check complete. The overall result of this check is: Passed
2023-04-10_16-43-40:INFO:DESCRIPTION:Checks whether the Inventory Location has at least 100 MB of free disk space. RESULT: PASSED RESULT TEXT: Expected result: 100.0MB
Actual Result: 8810MB
Check complete. The overall result of this check is: Passed
2023-04-10_16-43-40:INFO:DESCRIPTION:Checks whether you have permission to write to the central inventory on the system. RESULT: PASSED RESULT TEXT: Check complete. The overall result of this check is: Passed
2023-04-10_16-43-40:INFO:DESCRIPTION:Checking whether the timezone installed in the machine is supported for the agent startup RESULT: PASSED RESULT TEXT: Check complete. The overall result of this check is: Passed
2023-04-10_16-43-40:INFO:DESCRIPTION:Checking whether the agent base directory is owned by the install user and all the parent directories of the agent base directory is either owned by install user or root user and the root directory is owned by root user. RESULT: PASSED RESULT TEXT: Check complete. The overall result of this check is: Passed
2023-04-10_16-43-40:INFO:DESCRIPTION:Checking for port availability and hostname validity. RESULT: PASSED RESULT TEXT: Expected result: Port 3872 must be available on all IP addresses associated with host uat01-mcb-app.bankmuamalat.co.id.
Actual Result: 3872
Check complete. The overall result of this check is: Passed
2023-04-10_16-43-40:INFO:DESCRIPTION:Checking whether the old oracle home entry is present in the central inventory. RESULT: PASSED RESULT TEXT: Check complete. The overall result of this check is: Passed
2023-04-10_16-43-40:INFO:DESCRIPTION:This is a prerequisite condition to test whether the host name where the installation will be done, is correct or not. RESULT: PASSED RESULT TEXT: Expected result: Fully qualified domain name, for example foo.mydomain.com
Actual Result: uat01-mcb-app.bankmuamalat.co.id. Ensure that you provide a fully qualified domain name.
Check complete. The overall result of this check is: Passed
2023-04-10_16-43-40:INFO:File does not exist
2023-04-10_16-43-40:INFO:isRemotePathsExist:remotePathPropertiesLoc:/oracle/app/oracle/middleware/oui/prov/resources Platform id:226
2023-04-10_16-43-40:INFO:File Name :/usr/bin/sudo
2023-04-10_16-43-40:INFO:Running cmd /bin/sh -c 'if [ -f /usr/bin/sudo ] ; then exit 0; else exit 1; fi' on node uat01-mcb-app.bankmuamalat.co.id
2023-04-10_16-43-40:INFO:Action description Execution of command /bin/sh -c 'if [ -f /usr/bin/sudo ] ; then exit 0; else exit 1; fi'  on host uat01-mcb-app.bankmuamalat.co.id
2023-04-10_16-43-40:INFO:Attempt :1 pty required false  with no inputs
2023-04-10_16-43-41:INFO:/bin/sh -c 'if [ -f /usr/bin/sudo ] ; then exit 0; else exit 1; fi' execution was successful on host uat01-mcb-app.bankmuamalat.co.id
2023-04-10_16-43-41:INFO:output: 
2023-04-10_16-43-41:INFO:error-stream: 
2023-04-10_16-43-41:INFO:exit-code: 0
2023-04-10_16-43-41:INFO:sudo binary /usr/bin/sudo exists on target nodeuat01-mcb-app.bankmuamalat.co.id
2023-04-10_16-43-41:INFO:sudo binary exists or root creds provided
2023-04-10_16-43-41:INFO:running root scripts as user :oracle
2023-04-10_16-43-41:INFO:Using root utl given by user /usr/bin/sudo -u %RUNAS% %COMMAND%
2023-04-10_16-43-41:INFO:Action description Execution of command /usr/bin/sudo -K  on host uat01-mcb-app.bankmuamalat.co.id
2023-04-10_16-43-41:INFO:Attempt :1 pty required false  with no inputs
2023-04-10_16-43-42:INFO:/usr/bin/sudo -K execution was successful on host uat01-mcb-app.bankmuamalat.co.id
2023-04-10_16-43-42:INFO:output: 
2023-04-10_16-43-42:INFO:error-stream: 
2023-04-10_16-43-42:INFO:exit-code: 0
2023-04-10_16-43-42:INFO:not adding /bin/sh -c  to the root command
2023-04-10_16-43-42:INFO:pdp command without shell out/usr/bin/sudo -u root  id
2023-04-10_16-43-42:INFO:Setting pty flag to true
2023-04-10_16-43-42:INFO:Action description Execution of command /usr/bin/sudo -u root  id  on host uat01-mcb-app.bankmuamalat.co.id
2023-04-10_16-43-42:INFO:Attempt :1 pty required true  with inputs
2023-04-10_16-43-44:INFO:/usr/bin/sudo -u root  id execution was successful on host uat01-mcb-app.bankmuamalat.co.id
2023-04-10_16-43-44:INFO:output: [sudo] password for *****: 
uid=0(root) gid=0(root) groups=0(root) context=unconfined_u:unconfined_r:unconfined_t:s0-s0:c0.c1023

2023-04-10_16-43-44:INFO:error-stream: 
2023-04-10_16-43-44:INFO:exit-code: 0
2023-04-10_16-43-44:INFO:Action description Execution of command /usr/bin/sudo -K  on host uat01-mcb-app.bankmuamalat.co.id
2023-04-10_16-43-44:INFO:Attempt :1 pty required false  with no inputs
2023-04-10_16-43-46:INFO:/usr/bin/sudo -K execution was successful on host uat01-mcb-app.bankmuamalat.co.id
2023-04-10_16-43-46:INFO:output: 
2023-04-10_16-43-46:INFO:error-stream: 
2023-04-10_16-43-46:INFO:exit-code: 0
2023-04-10_16-43-46:INFO:output of id [sudo] password for *****: 
uid=0(root) gid=0(root) groups=0(root) context=unconfined_u:unconfined_r:unconfined_t:s0-s0:c0.c1023

2023-04-10_16-43-46:INFO:User oracle has sudo privileges on host uat01-mcb-app.bankmuamalat.co.id
2023-04-10_16-43-46:INFO:==USER has sudo privileges===
2023-04-10_16-43-46:INFO:PASSED:Is the software certified on the current operating system? = PASSED
2023-04-10_16-43-46:INFO:PASSED:Are the required packages installed on the current operating system? = PASSED
2023-04-10_16-43-46:INFO:PASSED:Is the software compatible with the current operating system? = PASSED
2023-04-10_16-43-46:INFO:PASSED:Checking for sufficient disk space in the Inventory Location = PASSED
2023-04-10_16-43-46:INFO:PASSED:Checking for write permissions on the inventory. = PASSED
2023-04-10_16-43-46:INFO:PASSED:Checking TimeZone settings... = PASSED
2023-04-10_16-43-46:INFO:PASSED:Checking Agent Base Directory Ownership... = PASSED
2023-04-10_16-43-46:INFO:PASSED:Checking for port availability and hostname validity... = PASSED
2023-04-10_16-43-46:INFO:PASSED:Checking old Oracle Home existence in the inventory... = PASSED
2023-04-10_16-43-46:INFO:PASSED:Is the host name valid? = PASSED
2023-04-10_16-43-46:INFO:PASSED:Does the Privilege Delegation tool exist on the remote host? = PASSED
2023-04-10_16-43-46:INFO:PASSED:Do you have the privileges to run as root using the Privilege Delegation tool? = PASSED
2023-04-10_16-43-46:INFO:TIME TAKEN for RemotePrerequisites on host uat01-mcb-app.bankmuamalat.co.id is 0: hrs 0: mins 33 sec
2023-04-10_16-43-46:INFO:PERF:HOSTNAME:uat01-mcb-app.bankmuamalat.co.id:RemotePrereqChecker_EXECUTION_TIME:33100
2023-04-10_16-43-46:INFO:HOST:uat01-mcb-app.bankmuamalat.co.id
2023-04-10_16-43-46:INFO:Destroying Logger
2023-04-10_16-43-46:INFO:======================================Remote Prereq Checker END ====================================
2023-04-10_16-43-46:INFO:Clearing EMSecurityContext EMExecutionContext in BaseDeployerOps
2023-04-10_16-43-47:INFO:======================================New Agent Deployer START ====================================
2023-04-10_16-43-47:INFO:Creating instance of ClusterBase Ops for hostnameuat01-mcb-app.bankmuamalat.co.id
2023-04-10_16-43-48:INFO:Retry Count 5 sleep interval 250
2023-04-10_16-43-48:INFO:Setting security contextSYSMAN
2023-04-10_16-43-48:INFO:Setting locale succeeded in BaseDeployerOps
2023-04-10_16-43-48:INFO:[action name=PreInstallScript, action Description=Preinstallation Script, order=100, skip=false, executeAlways=false, status=null, 

2023-04-10_16-43-48:INFO:skipping preinstall script since user has not specified one
2023-04-10_16-43-48:INFO: Skipping action PreInstallScript based on inputs
2023-04-10_16-43-48:INFO:[action name=Install, action Description=Installation and Configuration, order=200, skip=false, executeAlways=false, status=null, 

2023-04-10_16-43-48:INFO:[action name=SecureAgent, action Description=Secure Agent, order=300, skip=false, executeAlways=false, status=null, 

2023-04-10_16-43-48:INFO:[action name=RunRootSH, action Description=Root.sh, order=400, skip=false, executeAlways=false, status=null, 

2023-04-10_16-43-48:INFO:[action name=PostInstallScript, action Description=Postinstallation Script, order=500, skip=false, executeAlways=false, status=null, 

2023-04-10_16-43-48:INFO:skipping postinstall script since user has not specified one
2023-04-10_16-43-48:INFO: Skipping action PostInstallScript based on inputs
2023-04-10_16-43-48:INFO:[action name=CollectLog, action Description=Collect Log, order=600, skip=false, executeAlways=true, status=null, 

2023-04-10_16-43-48:INFO:[action name=Cleanup, action Description=Clean up, order=700, skip=false, executeAlways=false, status=null, 

2023-04-10_16-43-48:INFO: ACTIONS : Install
2023-04-10_16-43-48:INFO: ACTIONS : SecureAgent
2023-04-10_16-43-48:INFO: ACTIONS : RunRootSH
2023-04-10_16-43-48:INFO: ACTIONS : CollectLog
2023-04-10_16-43-48:INFO: ACTIONS : Cleanup
2023-04-10_16-43-48:INFO:============Creating Deployment Vo for key : Installation and setting status as NOT_EXECUTED
2023-04-10_16-43-48:INFO:=====Creating Action Vo for actionInstall
2023-04-10_16-43-48:INFO:=====Creating Action Vo for actionSecureAgent
2023-04-10_16-43-48:INFO:=====Creating Action Vo for actionRunRootSH
2023-04-10_16-43-48:INFO:=====Creating Action Vo for actionCollectLog
2023-04-10_16-43-48:INFO:=====Creating Action Vo for actionCleanup
2023-04-10_16-43-48:INFO:deploymentVo has now status: NOT_EXECUTED
2023-04-10_16-43-48:INFO:sudo exists value true
2023-04-10_16-43-48:INFO:sudo privilege value true
2023-04-10_16-43-48:INFO:==SUDO EXISTS true SUDO PRIV true
2023-04-10_16-43-48:INFO:====CALLING ACTIONdoInstall
2023-04-10_16-43-48:INFO:updating status IN_PROGRESS for action name Install with key: Install
2023-04-10_16-43-48:INFO:Port provided
2023-04-10_16-43-48:INFO:Install Args -ignorePrereqs
2023-04-10_16-43-48:INFO:Install Args ORACLE_HOSTNAME=uat01-mcb-app.bankmuamalat.co.id
2023-04-10_16-43-48:INFO:Install Args AGENT_BASE_DIR=/app/em13c
2023-04-10_16-43-48:INFO:Install Args OMS_HOST=bmioem
2023-04-10_16-43-48:INFO:Install Args EM_UPLOAD_PORT=4903
2023-04-10_16-43-48:INFO:Install Args AGENT_INSTANCE_HOME=/app/em13c/agent_inst
2023-04-10_16-43-48:INFO:Install Args b_doDiscovery=false
2023-04-10_16-43-48:INFO:Install Args START_AGENT=false
2023-04-10_16-43-48:INFO:Install Args b_forceInstCheck=true
2023-04-10_16-43-48:INFO:Install Args -force
2023-04-10_16-43-48:INFO:Install Args AGENT_PORT=3872
2023-04-10_16-43-48:INFO:Action description Execution of command /bin/sh -c '/app/em13c/ADATMP_2023-04-10_15-27-24-PM/agentDeploy.sh -ignorePrereqs ORACLE_HOSTNAME=uat01-mcb-app.bankmuamalat.co.id AGENT_BASE_DIR=/app/em13c OMS_HOST=bmioem EM_UPLOAD_PORT=4903 AGENT_INSTANCE_HOME=/app/em13c/agent_inst b_doDiscovery=false START_AGENT=false b_forceInstCheck=true -force AGENT_PORT=3872'  on host uat01-mcb-app.bankmuamalat.co.id
2023-04-10_16-43-48:INFO:Attempt :1 pty required false  with no inputs
2023-04-10_16-45-06:INFO:/bin/sh -c '/app/em13c/ADATMP_2023-04-10_15-27-24-PM/agentDeploy.sh -ignorePrereqs ORACLE_HOSTNAME=uat01-mcb-app.bankmuamalat.co.id AGENT_BASE_DIR=/app/em13c OMS_HOST=bmioem EM_UPLOAD_PORT=4903 AGENT_INSTANCE_HOME=/app/em13c/agent_inst b_doDiscovery=false START_AGENT=false b_forceInstCheck=true -force AGENT_PORT=3872' execution was successful on host uat01-mcb-app.bankmuamalat.co.id
2023-04-10_16-45-06:INFO:exit-code: 0
2023-04-10_16-45-06:INFO:Pattern Agent Configuration completed successfully not Found
2023-04-10_16-45-06:INFO:Install Success Message not found in install log
2023-04-10_16-45-06:INFO: ACTION Execution of command /app/em13c/ADATMP_2023-04-10_15-27-24-PM/agentDeploy.sh -ignorePrereqs ORACLE_HOSTNAME=uat01-mcb-app.bankmuamalat.co.id AGENT_BASE_DIR=/app/em13c OMS_HOST=bmioem EM_UPLOAD_PORT=4903 AGENT_INSTANCE_HOME=/app/em13c/agent_inst b_doDiscovery=false START_AGENT=false b_forceInstCheck=true -force AGENT_PORT=3872 on host uat01-mcb-app.bankmuamalat.co.id
2023-04-10_16-45-06:INFO: OUT null
2023-04-10_16-45-06:INFO: ERR Not Available
2023-04-10_16-45-06:INFO: EXIT CODE0
2023-04-10_16-45-06:INFO:InvocationTargetException Exception
2023-04-10_16-45-06:INFO:Printing Exception :java.lang.reflect.InvocationTargetException
	at sun.reflect.NativeMethodAccessorImpl.invoke0(Native Method)
	at sun.reflect.NativeMethodAccessorImpl.invoke(NativeMethodAccessorImpl.java:57)
	at sun.reflect.DelegatingMethodAccessorImpl.invoke(DelegatingMethodAccessorImpl.java:43)
	at java.lang.reflect.Method.invoke(Method.java:606)
	at oracle.sysman.core.agentpush.ui.deployer.BaseDeployerOps.executeActions(BaseDeployerOps.java:2156)
	at oracle.sysman.core.agentpush.ui.deployer.NewAgentDeployer.deploy(NewAgentDeployer.java:48)
	at oracle.sysman.core.agentpush.ui.deployfwk.DeploymentWorker.run(DeploymentWorker.java:26)
	at oracle.sysman.util.threadPoolManager.WorkerThread.run(Worker.java:311)
Caused by: CommandException: err: Not Available out: null exitcode: 0
 stacktrace: 
oracle.sysman.core.agentpush.ui.deployer.BaseDeployerOps.doInstall(BaseDeployerOps.java:686)
sun.reflect.NativeMethodAccessorImpl.invoke0(Native Method)
sun.reflect.NativeMethodAccessorImpl.invoke(NativeMethodAccessorImpl.java:57)
sun.reflect.DelegatingMethodAccessorImpl.invoke(DelegatingMethodAccessorImpl.java:43)
java.lang.reflect.Method.invoke(Method.java:606)
oracle.sysman.core.agentpush.ui.deployer.BaseDeployerOps.executeActions(BaseDeployerOps.java:2156)
oracle.sysman.core.agentpush.ui.deployer.NewAgentDeployer.deploy(NewAgentDeployer.java:48)
oracle.sysman.core.agentpush.ui.deployfwk.DeploymentWorker.run(DeploymentWorker.java:26)
oracle.sysman.util.threadPoolManager.WorkerThread.run(Worker.java:311)

	at oracle.sysman.core.agentpush.ui.deployer.BaseDeployerOps.doInstall(BaseDeployerOps.java:686)
	... 8 more

2023-04-10_16-45-06:INFO:=========Command Exception :Error Message:Not Available<br><br> Exit Code :0
2023-04-10_16-45-06:INFO:Updating Action Installwith Status FAILED and error Message :Error Message:Not Available<br><br> Exit Code :0 and problem Execution of command /app/em13c/ADATMP_2023-04-10_15-27-24-PM/agentDeploy.sh -ignorePrereqs ORACLE_HOSTNAME=uat01-mcb-app.bankmuamalat.co.id AGENT_BASE_DIR=/app/em13c OMS_HOST=bmioem EM_UPLOAD_PORT=4903 AGENT_INSTANCE_HOME=/app/em13c/agent_inst b_doDiscovery=false START_AGENT=false b_forceInstCheck=true -force AGENT_PORT=3872 on host uat01-mcb-app.bankmuamalat.co.id Failed and recommendation Fix the cause of the error and retry the operation
2023-04-10_16-45-06:INFO:=================action status is not empty FAILED
2023-04-10_16-45-06:INFO:Breaking since the action has failed
2023-04-10_16-45-06:INFO:Skipping action SecureAgent since some previous step has failed
2023-04-10_16-45-06:INFO:Skipping action RunRootSH since some previous step has failed
2023-04-10_16-45-06:INFO:Not Skipping action CollectLog since some previous step has failed
2023-04-10_16-45-06:INFO:sudo exists value true
2023-04-10_16-45-06:INFO:sudo privilege value true
2023-04-10_16-45-06:INFO:==SUDO EXISTS true SUDO PRIV true
2023-04-10_16-45-06:INFO:====CALLING ACTIONdoCollectLog
2023-04-10_16-45-06:INFO:updating status IN_PROGRESS for action name CollectLog with key: CollectLog
2023-04-10_16-45-06:INFO:Action Installation and Configuration failed so copy cfgToolLogs directory
2023-04-10_16-45-06:INFO:Perform Copy CfgToolLogs :true
2023-04-10_16-45-06:INFO:Dir Name/app/em13c/agent_13.1.0.0.0/cfgtoollogs
2023-04-10_16-45-06:INFO:Running cmd /bin/sh -c 'if [ -d /app/em13c/agent_13.1.0.0.0/cfgtoollogs ] ; then exit 0; else exit 1; fi' on node uat01-mcb-app.bankmuamalat.co.id
2023-04-10_16-45-06:INFO:Action description Execution of command /bin/sh -c 'if [ -d /app/em13c/agent_13.1.0.0.0/cfgtoollogs ] ; then exit 0; else exit 1; fi'  on host uat01-mcb-app.bankmuamalat.co.id
2023-04-10_16-45-06:INFO:Attempt :1 pty required false  with no inputs
2023-04-10_16-45-07:INFO:/bin/sh -c 'if [ -d /app/em13c/agent_13.1.0.0.0/cfgtoollogs ] ; then exit 0; else exit 1; fi' execution was successful on host uat01-mcb-app.bankmuamalat.co.id
2023-04-10_16-45-07:INFO:output: 
2023-04-10_16-45-07:INFO:error-stream: 
2023-04-10_16-45-07:INFO:exit-code: 0
2023-04-10_16-45-07:INFO:Dir /app/em13c/agent_13.1.0.0.0/cfgtoollogs exists on remote node and hence copying it
2023-04-10_16-45-07:INFO:Action description Execution of command /bin/sh -c '(cd /app/em13c/agent_13.1.0.0.0/cfgtoollogs && /app/em13c/agent_13.1.0.0.0/bin/zip -q -r /tmp/remoteArchivesuat01-mcb-app.bankmuamalat.co.id2023-04-10_04-45-07-PM.zip * -x oui/**\* OPatch/**\* oracle_common/**\*)'  on host uat01-mcb-app.bankmuamalat.co.id
2023-04-10_16-45-07:INFO:Attempt :1 pty required false  with no inputs
2023-04-10_16-45-09:INFO:/bin/sh -c '(cd /app/em13c/agent_13.1.0.0.0/cfgtoollogs && /app/em13c/agent_13.1.0.0.0/bin/zip -q -r /tmp/remoteArchivesuat01-mcb-app.bankmuamalat.co.id2023-04-10_04-45-07-PM.zip * -x oui/**\* OPatch/**\* oracle_common/**\*)' execution was successful on host uat01-mcb-app.bankmuamalat.co.id
2023-04-10_16-45-09:INFO:output: 
2023-04-10_16-45-09:INFO:error-stream: 
2023-04-10_16-45-09:INFO:exit-code: 0
2023-04-10_16-45-09:INFO:Action description Copying file /tmp/remoteArchivesuat01-mcb-app.bankmuamalat.co.id2023-04-10_04-45-07-PM.zip from host uat01-mcb-app.bankmuamalat.co.id to /oracle/app/oracle/gc_inst/em/EMGC_OMS1/sysman/agentpush/2023-04-10_15-27-24-PM/localArchivesuat01-mcb-app.bankmuamalat.co.id2023-04-10_04-45-07-PM.zip on the OMS Attempt 1
2023-04-10_16-45-09:INFO:ACTION :Execution of command /oracle/app/oracle/middleware/bin/unzip -q -o -d /oracle/app/oracle/gc_inst/em/EMGC_OMS1/sysman/agentpush/2023-04-10_15-27-24-PM/cfgtoollogs/uat01-mcb-app.bankmuamalat.co.id /oracle/app/oracle/gc_inst/em/EMGC_OMS1/sysman/agentpush/2023-04-10_15-27-24-PM/localArchivesuat01-mcb-app.bankmuamalat.co.id2023-04-10_04-45-07-PM.zip on the OMS host
2023-04-10_16-45-09:INFO:Nodelocalhost
2023-04-10_16-45-09:INFO:OUT:
2023-04-10_16-45-09:INFO:ERR:null
2023-04-10_16-45-09:INFO:exit:0
2023-04-10_16-45-09:INFO:STATUS:0
2023-04-10_16-45-09:INFO:Action description Execution of command /bin/sh -c '/bin/rm -f /tmp/remoteArchivesuat01-mcb-app.bankmuamalat.co.id2023-04-10_04-45-07-PM.zip'  on host uat01-mcb-app.bankmuamalat.co.id
2023-04-10_16-45-09:INFO:Attempt :1 pty required false  with no inputs
2023-04-10_16-45-10:INFO:/bin/sh -c '/bin/rm -f /tmp/remoteArchivesuat01-mcb-app.bankmuamalat.co.id2023-04-10_04-45-07-PM.zip' execution was successful on host uat01-mcb-app.bankmuamalat.co.id
2023-04-10_16-45-10:INFO:output: 
2023-04-10_16-45-10:INFO:error-stream: 
2023-04-10_16-45-10:INFO:exit-code: 0
2023-04-10_16-45-10:INFO:done executing the action: CollectLog on node: uat01-mcb-app.bankmuamalat.co.id
2023-04-10_16-45-10:INFO:action: CollectLog is SUCCESS
2023-04-10_16-45-10:INFO:updating status SUCCESS for action name CollectLog with key: CollectLog
2023-04-10_16-45-10:INFO:Skipping action Cleanup since some previous step has failed
2023-04-10_16-45-10:INFO:The following action failedInstall
2023-04-10_16-45-10:INFO:TIME TAKEN by NewAgentDeployer on host uat01-mcb-app.bankmuamalat.co.id is 0: hrs 1: mins 23 sec
2023-04-10_16-45-10:INFO:PERF:HOSTNAME:uat01-mcb-app.bankmuamalat.co.id:NewAgentDeployer_EXECUTION_TIME:83500
2023-04-10_16-45-10:INFO:HOST:uat01-mcb-app.bankmuamalat.co.id
2023-04-10_16-45-10:INFO:Destroying Logger
2023-04-10_16-45-10:INFO:======================================New Agent Deployer END ====================================
2023-04-10_16-45-10:INFO:Clearing EMSecurityContext EMExecutionContext in BaseDeployerOps
